Send PPPOE Discovery V1T1 PADI session 0x0 length 12
 dst ff:ff:ff:ff:ff:ff  src 02:7c:cb:20:4b:de
 [service-name] [host-uniq 33 05 00 00]
Recv PPPOE Discovery V1T1 PADO session 0x0 length 46
 dst 02:7c:cb:20:4b:de  src 4c:6d:58:4c:37:d8
 [AC-name CDU-BRAS-1] [host-uniq 33 05 00 00] [service-name] [AC-cookie dc 3d 11 22 68 e7 ed 55 ca 6e df 26 02 ff af 69]
Send PPPOE Discovery V1T1 PADR session 0x0 length 32
 dst 4c:6d:58:4c:37:d8  src 02:7c:cb:20:4b:de
 [service-name] [host-uniq 33 05 00 00] [AC-cookie dc 3d 11 22 68 e7 ed 55 ca 6e df 26 02 ff af 69]
Recv PPPOE Discovery V1T1 PADS session 0x50 length 46
 dst 02:7c:cb:20:4b:de  src 4c:6d:58:4c:37:d8
 [service-name] [host-uniq 33 05 00 00] [AC-name CDU-BRAS-1] [AC-cookie dc 3d 11 22 68 e7 ed 55 ca 6e df 26 02 ff af 69]
PPP session is 80
Connected to 4C:6D:58:4C:37:D8 via interface enp7s0.2004
using channel 148
Using interface ppp0
Connect: ppp0 <--> enp7s0.2004
sent [LCP ConfReq id=0x1 <mru 1492> <magic 0x42905220>]
rcvd [LCP ConfReq id=0x33 <mru 1492> <auth pap> <magic 0x3353f38b>]
sent [LCP ConfAck id=0x33 <mru 1492> <auth pap> <magic 0x3353f38b>]
rcvd [LCP ConfAck id=0x1 <mru 1492> <magic 0x42905220>]
sent [LCP EchoReq id=0x0 magic=0x42905220]
sent [PAP AuthReq id=0x1 user="18608001027@cdu" password=<hidden>]
rcvd [LCP EchoRep id=0x0 magic=0x3353f38b]
Terminating on signal 15
sent [LCP TermReq id=0x2 "User request"]
rcvd [LCP TermAck id=0x2]
Connection terminated.
Send PPPOE Discovery V1T1 PADT session 0x50 length 28
 dst 4c:6d:58:4c:37:d8  src 02:7c:cb:20:4b:de
 [host-uniq 33 05 00 00] [AC-cookie dc 3d 11 22 68 e7 ed 55 ca 6e df 26 02 ff af 69]
Sent PADT
