Send PPPOE Discovery V1T1 PADI session 0x0 length 12
 dst ff:ff:ff:ff:ff:ff  src 02:70:0c:37:51:c2
 [service-name] [host-uniq 59 00 00 00]
Send PPPOE Discovery V1T1 PADI session 0x0 length 12
 dst ff:ff:ff:ff:ff:ff  src 02:70:0c:37:51:c2
 [service-name] [host-uniq 59 00 00 00]
Recv PPPOE Discovery V1T1 PADO session 0x0 length 46
 dst 02:70:0c:37:51:c2  src 4c:6d:58:4c:37:d8
 [AC-name CDU-BRAS-1] [host-uniq 59 00 00 00] [service-name] [AC-cookie f1 9d dc 3c 26 2e b1 9f 62 b3 1d b4 c6 f3 0a d5]
Send PPPOE Discovery V1T1 PADR session 0x0 length 32
 dst 4c:6d:58:4c:37:d8  src 02:70:0c:37:51:c2
 [service-name] [host-uniq 59 00 00 00] [AC-cookie f1 9d dc 3c 26 2e b1 9f 62 b3 1d b4 c6 f3 0a d5]
Recv PPPOE Discovery V1T1 PADS session 0xe6 length 46
 dst 02:70:0c:37:51:c2  src 4c:6d:58:4c:37:d8
 [service-name] [host-uniq 59 00 00 00] [AC-name CDU-BRAS-1] [AC-cookie f1 9d dc 3c 26 2e b1 9f 62 b3 1d b4 c6 f3 0a d5]
PPP session is 230
Connected to 4C:6D:58:4C:37:D8 via interface enp6s0
using channel 48
Using interface ppp0
Connect: ppp0 <--> enp6s0
sent [LCP ConfReq id=0x1 <mru 1492> <magic 0x39012665>]
rcvd [LCP ConfReq id=0xf <mru 1492> <auth pap> <magic 0x2700902a>]
sent [LCP ConfAck id=0xf <mru 1492> <auth pap> <magic 0x2700902a>]
rcvd [LCP ConfAck id=0x1 <mru 1492> <magic 0x39012665>]
sent [LCP EchoReq id=0x0 magic=0x39012665]
sent [PAP AuthReq id=0x1 user="13908063548@cmccgx" password=<hidden>]
rcvd [LCP EchoRep id=0x0 magic=0x2700902a]
rcvd [PAP AuthNak id=0x1 "109026004|109020109|Reject by concurrency control."]
Remote message: 109026004|109020109|Reject by concurrency control.
PAP authentication failed
sent [LCP TermReq id=0x2 "Failed to authenticate ourselves to peer"]
rcvd [LCP TermReq id=0x10]
sent [LCP TermAck id=0x10]
Modem hangup
Connection terminated.
Send PPPOE Discovery V1T1 PADT session 0xe6 length 28
 dst 4c:6d:58:4c:37:d8  src 02:70:0c:37:51:c2
 [host-uniq 59 00 00 00] [AC-cookie f1 9d dc 3c 26 2e b1 9f 62 b3 1d b4 c6 f3 0a d5]
Sent PADT
