Send PPPOE Discovery V1T1 PADI session 0x0 length 12
 dst ff:ff:ff:ff:ff:ff  src 02:69:bb:af:4a:31
 [service-name] [host-uniq a4 01 00 00]
Send PPPOE Discovery V1T1 PADI session 0x0 length 12
 dst ff:ff:ff:ff:ff:ff  src 02:69:bb:af:4a:31
 [service-name] [host-uniq a4 01 00 00]
Recv PPPOE Discovery V1T1 PADO session 0x0 length 46
 dst 02:69:bb:af:4a:31  src 4c:6d:58:4c:37:d8
 [AC-name CDU-BRAS-1] [host-uniq a4 01 00 00] [service-name] [AC-cookie 0b 83 40 90 2c 56 20 7c 89 12 64 cf f8 46 20 fa]
Send PPPOE Discovery V1T1 PADR session 0x0 length 32
 dst 4c:6d:58:4c:37:d8  src 02:69:bb:af:4a:31
 [service-name] [host-uniq a4 01 00 00] [AC-cookie 0b 83 40 90 2c 56 20 7c 89 12 64 cf f8 46 20 fa]
Recv PPPOE Discovery V1T1 PADS session 0xa1 length 46
 dst 02:69:bb:af:4a:31  src 4c:6d:58:4c:37:d8
 [service-name] [host-uniq a4 01 00 00] [AC-name CDU-BRAS-1] [AC-cookie 0b 83 40 90 2c 56 20 7c 89 12 64 cf f8 46 20 fa]
PPP session is 161
Connected to 4C:6D:58:4C:37:D8 via interface enp3s0
using channel 19
Using interface ppp0
Connect: ppp0 <--> enp3s0
sent [LCP ConfReq id=0x1 <mru 1492> <magic 0x3b5457da>]
rcvd [LCP ConfReq id=0x25 <mru 1492> <auth pap> <magic 0x6b68486a>]
sent [LCP ConfAck id=0x25 <mru 1492> <auth pap> <magic 0x6b68486a>]
rcvd [LCP ConfAck id=0x1 <mru 1492> <magic 0x3b5457da>]
sent [LCP EchoReq id=0x0 magic=0x3b5457da]
sent [PAP AuthReq id=0x1 user="scxy13908063548@cmccgx" password=<hidden>]
rcvd [LCP EchoRep id=0x0 magic=0x6b68486a]
rcvd [PAP AuthNak id=0x1 "109026012|109020105|The subscriber is deregistered or the password is incorrect"]
Remote message: 109026012|109020105|The subscriber is deregistered or the password is incorrect
PAP authentication failed
sent [LCP TermReq id=0x2 "Failed to authenticate ourselves to peer"]
rcvd [LCP TermReq id=0x26]
sent [LCP TermAck id=0x26]
Modem hangup
Connection terminated.
Send PPPOE Discovery V1T1 PADT session 0xa1 length 28
 dst 4c:6d:58:4c:37:d8  src 02:69:bb:af:4a:31
 [host-uniq a4 01 00 00] [AC-cookie 0b 83 40 90 2c 56 20 7c 89 12 64 cf f8 46 20 fa]
Sent PADT
