Send PPPOE Discovery V1T1 PADI session 0x0 length 12
 dst ff:ff:ff:ff:ff:ff  src 02:70:32:15:1a:de
 [service-name] [host-uniq 17 04 00 00]
Send PPPOE Discovery V1T1 PADI session 0x0 length 12
 dst ff:ff:ff:ff:ff:ff  src 02:70:32:15:1a:de
 [service-name] [host-uniq 17 04 00 00]
Recv PPPOE Discovery V1T1 PADO session 0x0 length 46
 dst 02:70:32:15:1a:de  src 4c:6d:58:4c:37:d8
 [AC-name CDU-BRAS-1] [host-uniq 17 04 00 00] [service-name] [AC-cookie 60 b4 90 7e 1f c9 99 56 ed 0c d5 b9 30 a1 5c d9]
Send PPPOE Discovery V1T1 PADR session 0x0 length 32
 dst 4c:6d:58:4c:37:d8  src 02:70:32:15:1a:de
 [service-name] [host-uniq 17 04 00 00] [AC-cookie 60 b4 90 7e 1f c9 99 56 ed 0c d5 b9 30 a1 5c d9]
Recv PPPOE Discovery V1T1 PADS session 0x19a length 46
 dst 02:70:32:15:1a:de  src 4c:6d:58:4c:37:d8
 [service-name] [host-uniq 17 04 00 00] [AC-name CDU-BRAS-1] [AC-cookie 60 b4 90 7e 1f c9 99 56 ed 0c d5 b9 30 a1 5c d9]
PPP session is 410
Connected to 4C:6D:58:4C:37:D8 via interface enp3s0
using channel 4
Using interface ppp0
Connect: ppp0 <--> enp3s0
sent [LCP ConfReq id=0x1 <mru 1492> <magic 0xefc5dab>]
rcvd [LCP ConfReq id=0x56 <mru 1492> <auth pap> <magic 0x7ecffb22>]
sent [LCP ConfAck id=0x56 <mru 1492> <auth pap> <magic 0x7ecffb22>]
rcvd [LCP ConfAck id=0x1 <mru 1492> <magic 0xefc5dab>]
sent [LCP EchoReq id=0x0 magic=0xefc5dab]
sent [PAP AuthReq id=0x1 user="scxy13908063548@cmccgx@cdu" password=<hidden>]
rcvd [LCP EchoRep id=0x0 magic=0x7ecffb22]
rcvd [PAP AuthNak id=0x1 ""]
PAP authentication failed
sent [LCP TermReq id=0x2 "Failed to authenticate ourselves to peer"]
rcvd [LCP TermReq id=0x57]
sent [LCP TermAck id=0x57]
Modem hangup
Connection terminated.
Send PPPOE Discovery V1T1 PADT session 0x19a length 28
 dst 4c:6d:58:4c:37:d8  src 02:70:32:15:1a:de
 [host-uniq 17 04 00 00] [AC-cookie 60 b4 90 7e 1f c9 99 56 ed 0c d5 b9 30 a1 5c d9]
Sent PADT
