Send PPPOE Discovery V1T1 PADI session 0x0 length 12
 dst ff:ff:ff:ff:ff:ff  src 02:7f:7b:ac:dd:5c
 [service-name] [host-uniq e3 03 00 00]
Send PPPOE Discovery V1T1 PADI session 0x0 length 12
 dst ff:ff:ff:ff:ff:ff  src 02:7f:7b:ac:dd:5c
 [service-name] [host-uniq e3 03 00 00]
Recv PPPOE Discovery V1T1 PADO session 0x0 length 46
 dst 02:7f:7b:ac:dd:5c  src 4c:6d:58:4c:37:d8
 [AC-name CDU-BRAS-1] [host-uniq e3 03 00 00] [service-name] [AC-cookie ab 89 12 fd eb 97 3d 3a f8 41 24 b9 cf c8 a7 49]
Send PPPOE Discovery V1T1 PADR session 0x0 length 32
 dst 4c:6d:58:4c:37:d8  src 02:7f:7b:ac:dd:5c
 [service-name] [host-uniq e3 03 00 00] [AC-cookie ab 89 12 fd eb 97 3d 3a f8 41 24 b9 cf c8 a7 49]
Recv PPPOE Discovery V1T1 PADS session 0x145 length 46
 dst 02:7f:7b:ac:dd:5c  src 4c:6d:58:4c:37:d8
 [service-name] [host-uniq e3 03 00 00] [AC-name CDU-BRAS-1] [AC-cookie ab 89 12 fd eb 97 3d 3a f8 41 24 b9 cf c8 a7 49]
PPP session is 325
Connected to 4C:6D:58:4C:37:D8 via interface enp6s0
using channel 46
Using interface ppp0
Connect: ppp0 <--> enp6s0
sent [LCP ConfReq id=0x1 <mru 1492> <magic 0xcfe6e987>]
rcvd [LCP ConfReq id=0x4e <mru 1492> <auth pap> <magic 0x1f2b2276>]
sent [LCP ConfAck id=0x4e <mru 1492> <auth pap> <magic 0x1f2b2276>]
rcvd [LCP ConfAck id=0x1 <mru 1492> <magic 0xcfe6e987>]
sent [LCP EchoReq id=0x0 magic=0xcfe6e987]
sent [PAP AuthReq id=0x1 user="13908063548@cmccgx" password=<hidden>]
rcvd [LCP EchoRep id=0x0 magic=0x1f2b2276]
rcvd [PAP AuthNak id=0x1 "109026004|109020109|Reject by concurrency control."]
Remote message: 109026004|109020109|Reject by concurrency control.
PAP authentication failed
sent [LCP TermReq id=0x2 "Failed to authenticate ourselves to peer"]
rcvd [LCP TermReq id=0x4f]
sent [LCP TermAck id=0x4f]
Modem hangup
Connection terminated.
Send PPPOE Discovery V1T1 PADT session 0x145 length 28
 dst 4c:6d:58:4c:37:d8  src 02:7f:7b:ac:dd:5c
 [host-uniq e3 03 00 00] [AC-cookie ab 89 12 fd eb 97 3d 3a f8 41 24 b9 cf c8 a7 49]
Sent PADT
