Send PPPOE Discovery V1T1 PADI session 0x0 length 12
 dst ff:ff:ff:ff:ff:ff  src 02:21:96:77:f6:00
 [service-name] [host-uniq 3a 00 00 00]
Send PPPOE Discovery V1T1 PADI session 0x0 length 12
 dst ff:ff:ff:ff:ff:ff  src 02:21:96:77:f6:00
 [service-name] [host-uniq 3a 00 00 00]
Recv PPPOE Discovery V1T1 PADO session 0x0 length 46
 dst 02:21:96:77:f6:00  src 4c:6d:58:4c:37:d8
 [AC-name CDU-BRAS-1] [host-uniq 3a 00 00 00] [service-name] [AC-cookie c5 08 71 dd 67 4f dd dc 0a 79 dd 02 1d ec e2 75]
Send PPPOE Discovery V1T1 PADR session 0x0 length 32
 dst 4c:6d:58:4c:37:d8  src 02:21:96:77:f6:00
 [service-name] [host-uniq 3a 00 00 00] [AC-cookie c5 08 71 dd 67 4f dd dc 0a 79 dd 02 1d ec e2 75]
Recv PPPOE Discovery V1T1 PADS session 0xa1 length 46
 dst 02:21:96:77:f6:00  src 4c:6d:58:4c:37:d8
 [service-name] [host-uniq 3a 00 00 00] [AC-name CDU-BRAS-1] [AC-cookie c5 08 71 dd 67 4f dd dc 0a 79 dd 02 1d ec e2 75]
PPP session is 161
Connected to 4C:6D:58:4C:37:D8 via interface enp3s0
using channel 11
Using interface ppp0
Connect: ppp0 <--> enp3s0
sent [LCP ConfReq id=0x1 <mru 1492> <magic 0x7391003d>]
rcvd [LCP ConfReq id=0x66 <mru 1492> <auth pap> <magic 0x1cb8535f>]
sent [LCP ConfAck id=0x66 <mru 1492> <auth pap> <magic 0x1cb8535f>]
rcvd [LCP ConfAck id=0x1 <mru 1492> <magic 0x7391003d>]
sent [LCP EchoReq id=0x0 magic=0x7391003d]
sent [PAP AuthReq id=0x1 user="13908063548@cdu" password=<hidden>]
rcvd [LCP EchoRep id=0x0 magic=0x1cb8535f]
rcvd [PAP AuthNak id=0x1 ""]
PAP authentication failed
sent [LCP TermReq id=0x2 "Failed to authenticate ourselves to peer"]
rcvd [LCP TermReq id=0x67]
sent [LCP TermAck id=0x67]
Modem hangup
Connection terminated.
Send PPPOE Discovery V1T1 PADT session 0xa1 length 28
 dst 4c:6d:58:4c:37:d8  src 02:21:96:77:f6:00
 [host-uniq 3a 00 00 00] [AC-cookie c5 08 71 dd 67 4f dd dc 0a 79 dd 02 1d ec e2 75]
Sent PADT
