Send PPPOE Discovery V1T1 PADI session 0x0 length 12
 dst ff:ff:ff:ff:ff:ff  src 02:09:e0:35:d5:6a
 [service-name] [host-uniq 54 01 00 00]
Send PPPOE Discovery V1T1 PADI session 0x0 length 12
 dst ff:ff:ff:ff:ff:ff  src 02:09:e0:35:d5:6a
 [service-name] [host-uniq 54 01 00 00]
Recv PPPOE Discovery V1T1 PADO session 0x0 length 46
 dst 02:09:e0:35:d5:6a  src 4c:6d:58:4c:37:d8
 [AC-name CDU-BRAS-1] [host-uniq 54 01 00 00] [service-name] [AC-cookie 9d 2a 0b 23 31 ef ff 8e 8b 41 62 49 59 ec aa 9c]
Send PPPOE Discovery V1T1 PADR session 0x0 length 32
 dst 4c:6d:58:4c:37:d8  src 02:09:e0:35:d5:6a
 [service-name] [host-uniq 54 01 00 00] [AC-cookie 9d 2a 0b 23 31 ef ff 8e 8b 41 62 49 59 ec aa 9c]
Recv PPPOE Discovery V1T1 PADS session 0xa1 length 46
 dst 02:09:e0:35:d5:6a  src 4c:6d:58:4c:37:d8
 [service-name] [host-uniq 54 01 00 00] [AC-name CDU-BRAS-1] [AC-cookie 9d 2a 0b 23 31 ef ff 8e 8b 41 62 49 59 ec aa 9c]
PPP session is 161
Connected to 4C:6D:58:4C:37:D8 via interface enp3s0
using channel 18
Using interface ppp0
Connect: ppp0 <--> enp3s0
sent [LCP ConfReq id=0x1 <mru 1492> <magic 0xc2aeb5f2>]
rcvd [LCP ConfReq id=0xe1 <mru 1492> <auth pap> <magic 0x42bb02b2>]
sent [LCP ConfAck id=0xe1 <mru 1492> <auth pap> <magic 0x42bb02b2>]
rcvd [LCP ConfAck id=0x1 <mru 1492> <magic 0xc2aeb5f2>]
sent [LCP EchoReq id=0x0 magic=0xc2aeb5f2]
sent [PAP AuthReq id=0x1 user="13908063548@10010" password=<hidden>]
rcvd [LCP EchoRep id=0x0 magic=0x42bb02b2]
rcvd [PAP AuthNak id=0x1 "24;User(13908063548@-1) not found(database authen forbiden), Request Deny by sc.chinaunicom.cn"]
Remote message: 24;User(13908063548@-1) not found(database authen forbiden), Request Deny by sc.chinaunicom.cn
PAP authentication failed
sent [LCP TermReq id=0x2 "Failed to authenticate ourselves to peer"]
rcvd [LCP TermReq id=0xe2]
sent [LCP TermAck id=0xe2]
Modem hangup
Connection terminated.
Send PPPOE Discovery V1T1 PADT session 0xa1 length 28
 dst 4c:6d:58:4c:37:d8  src 02:09:e0:35:d5:6a
 [host-uniq 54 01 00 00] [AC-cookie 9d 2a 0b 23 31 ef ff 8e 8b 41 62 49 59 ec aa 9c]
Sent PADT
