Send PPPOE Discovery V1T1 PADI session 0x0 length 12
 dst ff:ff:ff:ff:ff:ff  src 02:0f:c2:ea:d1:26
 [service-name] [host-uniq 2d 01 00 00]
Send PPPOE Discovery V1T1 PADI session 0x0 length 12
 dst ff:ff:ff:ff:ff:ff  src 02:0f:c2:ea:d1:26
 [service-name] [host-uniq 2d 01 00 00]
Recv PPPOE Discovery V1T1 PADO session 0x0 length 46
 dst 02:0f:c2:ea:d1:26  src 4c:6d:58:4c:37:d8
 [AC-name CDU-BRAS-1] [host-uniq 2d 01 00 00] [service-name] [AC-cookie 22 b2 a8 09 ab a5 e9 2d 54 bf 5f b9 55 81 a3 cd]
Send PPPOE Discovery V1T1 PADR session 0x0 length 32
 dst 4c:6d:58:4c:37:d8  src 02:0f:c2:ea:d1:26
 [service-name] [host-uniq 2d 01 00 00] [AC-cookie 22 b2 a8 09 ab a5 e9 2d 54 bf 5f b9 55 81 a3 cd]
Recv PPPOE Discovery V1T1 PADS session 0x166 length 46
 dst 02:0f:c2:ea:d1:26  src 4c:6d:58:4c:37:d8
 [service-name] [host-uniq 2d 01 00 00] [AC-name CDU-BRAS-1] [AC-cookie 22 b2 a8 09 ab a5 e9 2d 54 bf 5f b9 55 81 a3 cd]
PPP session is 358
Connected to 4C:6D:58:4C:37:D8 via interface enp3s0
using channel 33
Using interface ppp0
Connect: ppp0 <--> enp3s0
sent [LCP ConfReq id=0x1 <mru 1492> <magic 0xd96421d9>]
rcvd [LCP ConfReq id=0xd1 <mru 1492> <auth pap> <magic 0x1be1eab9>]
sent [LCP ConfAck id=0xd1 <mru 1492> <auth pap> <magic 0x1be1eab9>]
rcvd [LCP ConfAck id=0x1 <mru 1492> <magic 0xd96421d9>]
sent [LCP EchoReq id=0x0 magic=0xd96421d9]
sent [PAP AuthReq id=0x1 user="13908063548@cmccgx" password=<hidden>]
rcvd [LCP EchoRep id=0x0 magic=0x1be1eab9]
rcvd [PAP AuthNak id=0x1 "109026004|109020109|Reject by concurrency control."]
Remote message: 109026004|109020109|Reject by concurrency control.
PAP authentication failed
sent [LCP TermReq id=0x2 "Failed to authenticate ourselves to peer"]
rcvd [LCP TermReq id=0xd2]
sent [LCP TermAck id=0xd2]
Modem hangup
Connection terminated.
Send PPPOE Discovery V1T1 PADT session 0x166 length 28
 dst 4c:6d:58:4c:37:d8  src 02:0f:c2:ea:d1:26
 [host-uniq 2d 01 00 00] [AC-cookie 22 b2 a8 09 ab a5 e9 2d 54 bf 5f b9 55 81 a3 cd]
Sent PADT
