Send PPPOE Discovery V1T1 PADI session 0x0 length 12
 dst ff:ff:ff:ff:ff:ff  src 02:0c:68:23:52:c2
 [service-name] [host-uniq 7e 01 00 00]
Send PPPOE Discovery V1T1 PADI session 0x0 length 12
 dst ff:ff:ff:ff:ff:ff  src 02:0c:68:23:52:c2
 [service-name] [host-uniq 7e 01 00 00]
Recv PPPOE Discovery V1T1 PADO session 0x0 length 46
 dst 02:0c:68:23:52:c2  src 4c:6d:58:4c:37:d8
 [AC-name CDU-BRAS-1] [host-uniq 7e 01 00 00] [service-name] [AC-cookie 93 32 eb 7f c3 e7 20 d8 9d f3 8f ac d2 0d 52 d5]
Send PPPOE Discovery V1T1 PADR session 0x0 length 32
 dst 4c:6d:58:4c:37:d8  src 02:0c:68:23:52:c2
 [service-name] [host-uniq 7e 01 00 00] [AC-cookie 93 32 eb 7f c3 e7 20 d8 9d f3 8f ac d2 0d 52 d5]
Recv PPPOE Discovery V1T1 PADS session 0x160 length 46
 dst 02:0c:68:23:52:c2  src 4c:6d:58:4c:37:d8
 [service-name] [host-uniq 7e 01 00 00] [AC-name CDU-BRAS-1] [AC-cookie 93 32 eb 7f c3 e7 20 d8 9d f3 8f ac d2 0d 52 d5]
PPP session is 352
Connected to 4C:6D:58:4C:37:D8 via interface enp3s0
using channel 38
Using interface ppp0
Connect: ppp0 <--> enp3s0
sent [LCP ConfReq id=0x1 <mru 1492> <magic 0x2c33805>]
rcvd [LCP ConfReq id=0x4b <mru 1492> <auth pap> <magic 0xd9bc6d2>]
sent [LCP ConfAck id=0x4b <mru 1492> <auth pap> <magic 0xd9bc6d2>]
rcvd [LCP ConfAck id=0x1 <mru 1492> <magic 0x2c33805>]
sent [LCP EchoReq id=0x0 magic=0x2c33805]
sent [PAP AuthReq id=0x1 user="W@cdu" password=<hidden>]
rcvd [LCP EchoRep id=0x0 magic=0xd9bc6d2]
rcvd [PAP AuthNak id=0x1 ""]
PAP authentication failed
sent [LCP TermReq id=0x2 "Failed to authenticate ourselves to peer"]
rcvd [LCP TermReq id=0x4c]
sent [LCP TermAck id=0x4c]
Modem hangup
Connection terminated.
Send PPPOE Discovery V1T1 PADT session 0x160 length 28
 dst 4c:6d:58:4c:37:d8  src 02:0c:68:23:52:c2
 [host-uniq 7e 01 00 00] [AC-cookie 93 32 eb 7f c3 e7 20 d8 9d f3 8f ac d2 0d 52 d5]
Sent PADT
