Send PPPOE Discovery V1T1 PADI session 0x0 length 12
 dst ff:ff:ff:ff:ff:ff  src 02:5e:9d:d9:d9:fd
 [service-name] [host-uniq 6b 00 00 00]
Send PPPOE Discovery V1T1 PADI session 0x0 length 12
 dst ff:ff:ff:ff:ff:ff  src 02:5e:9d:d9:d9:fd
 [service-name] [host-uniq 6b 00 00 00]
Recv PPPOE Discovery V1T1 PADO session 0x0 length 46
 dst 02:5e:9d:d9:d9:fd  src 4c:6d:58:4c:37:d8
 [AC-name CDU-BRAS-1] [host-uniq 6b 00 00 00] [service-name] [AC-cookie 54 21 c3 18 6a f8 86 2b d9 fe 46 da 55 0a bd 4f]
Send PPPOE Discovery V1T1 PADR session 0x0 length 32
 dst 4c:6d:58:4c:37:d8  src 02:5e:9d:d9:d9:fd
 [service-name] [host-uniq 6b 00 00 00] [AC-cookie 54 21 c3 18 6a f8 86 2b d9 fe 46 da 55 0a bd 4f]
Recv PPPOE Discovery V1T1 PADS session 0x1b7 length 46
 dst 02:5e:9d:d9:d9:fd  src 4c:6d:58:4c:37:d8
 [service-name] [host-uniq 6b 00 00 00] [AC-name CDU-BRAS-1] [AC-cookie 54 21 c3 18 6a f8 86 2b d9 fe 46 da 55 0a bd 4f]
PPP session is 439
Connected to 4C:6D:58:4C:37:D8 via interface enp3s0
using channel 35
Using interface ppp0
Connect: ppp0 <--> enp3s0
sent [LCP ConfReq id=0x1 <mru 1492> <magic 0x1a15217b>]
rcvd [LCP ConfReq id=0x1b <mru 1492> <auth pap> <magic 0x1e14082e>]
sent [LCP ConfAck id=0x1b <mru 1492> <auth pap> <magic 0x1e14082e>]
rcvd [LCP ConfAck id=0x1 <mru 1492> <magic 0x1a15217b>]
sent [LCP EchoReq id=0x0 magic=0x1a15217b]
sent [PAP AuthReq id=0x1 user="13908063548@cmccgx" password=<hidden>]
rcvd [LCP EchoRep id=0x0 magic=0x1e14082e]
rcvd [PAP AuthNak id=0x1 "109026004|109020109|Reject by concurrency control."]
Remote message: 109026004|109020109|Reject by concurrency control.
PAP authentication failed
sent [LCP TermReq id=0x2 "Failed to authenticate ourselves to peer"]
rcvd [LCP TermReq id=0x1c]
sent [LCP TermAck id=0x1c]
Modem hangup
Connection terminated.
Send PPPOE Discovery V1T1 PADT session 0x1b7 length 28
 dst 4c:6d:58:4c:37:d8  src 02:5e:9d:d9:d9:fd
 [host-uniq 6b 00 00 00] [AC-cookie 54 21 c3 18 6a f8 86 2b d9 fe 46 da 55 0a bd 4f]
Sent PADT
