Send PPPOE Discovery V1T1 PADI session 0x0 length 12
 dst ff:ff:ff:ff:ff:ff  src 02:00:4e:7a:8e:c5
 [service-name] [host-uniq 34 00 00 00]
Send PPPOE Discovery V1T1 PADI session 0x0 length 12
 dst ff:ff:ff:ff:ff:ff  src 02:00:4e:7a:8e:c5
 [service-name] [host-uniq 34 00 00 00]
Recv PPPOE Discovery V1T1 PADO session 0x0 length 46
 dst 02:00:4e:7a:8e:c5  src 4c:6d:58:4c:37:d8
 [AC-name CDU-BRAS-1] [host-uniq 34 00 00 00] [service-name] [AC-cookie ed d8 8c 6d 44 e6 c4 fc e2 8e 71 0e ca 42 da 0b]
Send PPPOE Discovery V1T1 PADR session 0x0 length 32
 dst 4c:6d:58:4c:37:d8  src 02:00:4e:7a:8e:c5
 [service-name] [host-uniq 34 00 00 00] [AC-cookie ed d8 8c 6d 44 e6 c4 fc e2 8e 71 0e ca 42 da 0b]
Recv PPPOE Discovery V1T1 PADS session 0xe6 length 46
 dst 02:00:4e:7a:8e:c5  src 4c:6d:58:4c:37:d8
 [service-name] [host-uniq 34 00 00 00] [AC-name CDU-BRAS-1] [AC-cookie ed d8 8c 6d 44 e6 c4 fc e2 8e 71 0e ca 42 da 0b]
PPP session is 230
Connected to 4C:6D:58:4C:37:D8 via interface enp6s0
using channel 47
Using interface ppp0
Connect: ppp0 <--> enp6s0
sent [LCP ConfReq id=0x1 <mru 1492> <magic 0xff90bd6e>]
rcvd [LCP ConfReq id=0x44 <mru 1492> <auth pap> <magic 0x47551678>]
sent [LCP ConfAck id=0x44 <mru 1492> <auth pap> <magic 0x47551678>]
rcvd [LCP ConfAck id=0x1 <mru 1492> <magic 0xff90bd6e>]
sent [LCP EchoReq id=0x0 magic=0xff90bd6e]
sent [PAP AuthReq id=0x1 user="13908063548@cmccgx" password=<hidden>]
rcvd [LCP EchoRep id=0x0 magic=0x47551678]
rcvd [PAP AuthNak id=0x1 "109026004|109020109|Reject by concurrency control."]
Remote message: 109026004|109020109|Reject by concurrency control.
PAP authentication failed
sent [LCP TermReq id=0x2 "Failed to authenticate ourselves to peer"]
rcvd [LCP TermReq id=0x45]
sent [LCP TermAck id=0x45]
Modem hangup
Connection terminated.
Send PPPOE Discovery V1T1 PADT session 0xe6 length 28
 dst 4c:6d:58:4c:37:d8  src 02:00:4e:7a:8e:c5
 [host-uniq 34 00 00 00] [AC-cookie ed d8 8c 6d 44 e6 c4 fc e2 8e 71 0e ca 42 da 0b]
Sent PADT
