Send PPPOE Discovery V1T1 PADI session 0x0 length 12
 dst ff:ff:ff:ff:ff:ff  src 02:72:ae:0e:c3:59
 [service-name] [host-uniq b3 05 00 00]
Recv PPPOE Discovery V1T1 PADO session 0x0 length 46
 dst 02:72:ae:0e:c3:59  src 4c:6d:58:4c:37:d8
 [AC-name CDU-BRAS-1] [host-uniq b3 05 00 00] [service-name] [AC-cookie 98 eb 7a 66 35 7c 80 01 a3 b4 56 8e 88 49 89 d1]
Send PPPOE Discovery V1T1 PADR session 0x0 length 32
 dst 4c:6d:58:4c:37:d8  src 02:72:ae:0e:c3:59
 [service-name] [host-uniq b3 05 00 00] [AC-cookie 98 eb 7a 66 35 7c 80 01 a3 b4 56 8e 88 49 89 d1]
Recv PPPOE Discovery V1T1 PADS session 0x51 length 46
 dst 02:72:ae:0e:c3:59  src 4c:6d:58:4c:37:d8
 [service-name] [host-uniq b3 05 00 00] [AC-name CDU-BRAS-1] [AC-cookie 98 eb 7a 66 35 7c 80 01 a3 b4 56 8e 88 49 89 d1]
PPP session is 81
Connected to 4C:6D:58:4C:37:D8 via interface enp7s0.2012
using channel 155
Using interface ppp0
Connect: ppp0 <--> enp7s0.2012
sent [LCP ConfReq id=0x1 <mru 1492> <magic 0x51324449>]
rcvd [LCP ConfReq id=0x5f <mru 1492> <auth pap> <magic 0x367dce92>]
sent [LCP ConfAck id=0x5f <mru 1492> <auth pap> <magic 0x367dce92>]
rcvd [LCP ConfAck id=0x1 <mru 1492> <magic 0x51324449>]
sent [LCP EchoReq id=0x0 magic=0x51324449]
sent [PAP AuthReq id=0x1 user="18608001027@cdu" password=<hidden>]
rcvd [LCP EchoRep id=0x0 magic=0x367dce92]
Terminating on signal 15
sent [LCP TermReq id=0x2 "User request"]
rcvd [LCP TermAck id=0x2]
Connection terminated.
Send PPPOE Discovery V1T1 PADT session 0x51 length 28
 dst 4c:6d:58:4c:37:d8  src 02:72:ae:0e:c3:59
 [host-uniq b3 05 00 00] [AC-cookie 98 eb 7a 66 35 7c 80 01 a3 b4 56 8e 88 49 89 d1]
Sent PADT
