Send PPPOE Discovery V1T1 PADI session 0x0 length 12
 dst ff:ff:ff:ff:ff:ff  src 02:17:3b:2d:54:0c
 [service-name] [host-uniq 32 00 00 00]
Send PPPOE Discovery V1T1 PADI session 0x0 length 12
 dst ff:ff:ff:ff:ff:ff  src 02:17:3b:2d:54:0c
 [service-name] [host-uniq 32 00 00 00]
Recv PPPOE Discovery V1T1 PADO session 0x0 length 46
 dst 02:17:3b:2d:54:0c  src 4c:6d:58:4c:37:d8
 [AC-name CDU-BRAS-1] [host-uniq 32 00 00 00] [service-name] [AC-cookie 78 e3 fa c7 8c aa d1 3b 9f 4f 2f d6 72 37 95 40]
Send PPPOE Discovery V1T1 PADR session 0x0 length 32
 dst 4c:6d:58:4c:37:d8  src 02:17:3b:2d:54:0c
 [service-name] [host-uniq 32 00 00 00] [AC-cookie 78 e3 fa c7 8c aa d1 3b 9f 4f 2f d6 72 37 95 40]
Recv PPPOE Discovery V1T1 PADS session 0x145 length 46
 dst 02:17:3b:2d:54:0c  src 4c:6d:58:4c:37:d8
 [service-name] [host-uniq 32 00 00 00] [AC-name CDU-BRAS-1] [AC-cookie 78 e3 fa c7 8c aa d1 3b 9f 4f 2f d6 72 37 95 40]
PPP session is 325
Connected to 4C:6D:58:4C:37:D8 via interface enp3s0
using channel 28
Using interface ppp0
Connect: ppp0 <--> enp3s0
sent [LCP ConfReq id=0x1 <mru 1492> <magic 0xf61a4552>]
rcvd [LCP ConfReq id=0x30 <mru 1492> <auth pap> <magic 0xfd5e8f2>]
sent [LCP ConfAck id=0x30 <mru 1492> <auth pap> <magic 0xfd5e8f2>]
rcvd [LCP ConfAck id=0x1 <mru 1492> <magic 0xf61a4552>]
sent [LCP EchoReq id=0x0 magic=0xf61a4552]
sent [PAP AuthReq id=0x1 user="2021001@cdu" password=<hidden>]
rcvd [LCP EchoRep id=0x0 magic=0xfd5e8f2]
rcvd [PAP AuthNak id=0x1 ""]
PAP authentication failed
sent [LCP TermReq id=0x2 "Failed to authenticate ourselves to peer"]
rcvd [LCP TermReq id=0x31]
sent [LCP TermAck id=0x31]
Modem hangup
Connection terminated.
Send PPPOE Discovery V1T1 PADT session 0x145 length 28
 dst 4c:6d:58:4c:37:d8  src 02:17:3b:2d:54:0c
 [host-uniq 32 00 00 00] [AC-cookie 78 e3 fa c7 8c aa d1 3b 9f 4f 2f d6 72 37 95 40]
Sent PADT
