Send PPPOE Discovery V1T1 PADI session 0x0 length 12
 dst ff:ff:ff:ff:ff:ff  src 02:4e:07:48:fc:f5
 [service-name] [host-uniq 54 00 00 00]
Send PPPOE Discovery V1T1 PADI session 0x0 length 12
 dst ff:ff:ff:ff:ff:ff  src 02:4e:07:48:fc:f5
 [service-name] [host-uniq 54 00 00 00]
Recv PPPOE Discovery V1T1 PADO session 0x0 length 46
 dst 02:4e:07:48:fc:f5  src 4c:6d:58:4c:37:d8
 [AC-name CDU-BRAS-1] [host-uniq 54 00 00 00] [service-name] [AC-cookie d3 61 78 60 e1 6a 26 02 43 e0 08 a3 ee 86 88 61]
Send PPPOE Discovery V1T1 PADR session 0x0 length 32
 dst 4c:6d:58:4c:37:d8  src 02:4e:07:48:fc:f5
 [service-name] [host-uniq 54 00 00 00] [AC-cookie d3 61 78 60 e1 6a 26 02 43 e0 08 a3 ee 86 88 61]
Recv PPPOE Discovery V1T1 PADS session 0x49 length 46
 dst 02:4e:07:48:fc:f5  src 4c:6d:58:4c:37:d8
 [service-name] [host-uniq 54 00 00 00] [AC-name CDU-BRAS-1] [AC-cookie d3 61 78 60 e1 6a 26 02 43 e0 08 a3 ee 86 88 61]
PPP session is 73
Connected to 4C:6D:58:4C:37:D8 via interface enp3s0
using channel 6
Using interface ppp0
Connect: ppp0 <--> enp3s0
sent [LCP ConfReq id=0x1 <mru 1492> <magic 0x2f5948e3>]
rcvd [LCP ConfReq id=0xd7 <mru 1492> <auth pap> <magic 0x426dfd2a>]
sent [LCP ConfAck id=0xd7 <mru 1492> <auth pap> <magic 0x426dfd2a>]
rcvd [LCP ConfAck id=0x1 <mru 1492> <magic 0x2f5948e3>]
sent [LCP EchoReq id=0x0 magic=0x2f5948e3]
sent [PAP AuthReq id=0x1 user="W18608001027@10010" password=<hidden>]
rcvd [LCP EchoRep id=0x0 magic=0x426dfd2a]
rcvd [PAP AuthNak id=0x1 "24;User(w18608001027@-1) not found(database authen forbiden), Request Deny by sc.chinaunicom.cn"]
Remote message: 24;User(w18608001027@-1) not found(database authen forbiden), Request Deny by sc.chinaunicom.cn
PAP authentication failed
sent [LCP TermReq id=0x2 "Failed to authenticate ourselves to peer"]
rcvd [LCP TermReq id=0xd8]
sent [LCP TermAck id=0xd8]
Modem hangup
Connection terminated.
Send PPPOE Discovery V1T1 PADT session 0x49 length 28
 dst 4c:6d:58:4c:37:d8  src 02:4e:07:48:fc:f5
 [host-uniq 54 00 00 00] [AC-cookie d3 61 78 60 e1 6a 26 02 43 e0 08 a3 ee 86 88 61]
Sent PADT
