Send PPPOE Discovery V1T1 PADI session 0x0 length 12
 dst ff:ff:ff:ff:ff:ff  src 02:38:bb:a4:10:6b
 [service-name] [host-uniq 52 09 00 00]
Send PPPOE Discovery V1T1 PADI session 0x0 length 12
 dst ff:ff:ff:ff:ff:ff  src 02:38:bb:a4:10:6b
 [service-name] [host-uniq 52 09 00 00]
Recv PPPOE Discovery V1T1 PADO session 0x0 length 46
 dst 02:38:bb:a4:10:6b  src 4c:6d:58:4c:37:d8
 [AC-name CDU-BRAS-1] [host-uniq 52 09 00 00] [service-name] [AC-cookie 3c a8 dd 12 e1 4d 25 ab d2 e6 de 3d ca c8 53 63]
Send PPPOE Discovery V1T1 PADR session 0x0 length 32
 dst 4c:6d:58:4c:37:d8  src 02:38:bb:a4:10:6b
 [service-name] [host-uniq 52 09 00 00] [AC-cookie 3c a8 dd 12 e1 4d 25 ab d2 e6 de 3d ca c8 53 63]
Recv PPPOE Discovery V1T1 PADS session 0x23a length 46
 dst 02:38:bb:a4:10:6b  src 4c:6d:58:4c:37:d8
 [service-name] [host-uniq 52 09 00 00] [AC-name CDU-BRAS-1] [AC-cookie 3c a8 dd 12 e1 4d 25 ab d2 e6 de 3d ca c8 53 63]
PPP session is 570
Connected to 4C:6D:58:4C:37:D8 via interface enp3s0
using channel 6
Using interface ppp0
Connect: ppp0 <--> enp3s0
sent [LCP ConfReq id=0x1 <mru 1492> <magic 0x3b9f6777>]
rcvd [LCP ConfReq id=0xe <mru 1492> <auth pap> <magic 0x2995c334>]
sent [LCP ConfAck id=0xe <mru 1492> <auth pap> <magic 0x2995c334>]
rcvd [LCP ConfAck id=0x1 <mru 1492> <magic 0x3b9f6777>]
sent [LCP EchoReq id=0x0 magic=0x3b9f6777]
sent [PAP AuthReq id=0x1 user="scxy13908063548@cmccgx@cdu" password=<hidden>]
rcvd [LCP EchoRep id=0x0 magic=0x2995c334]
rcvd [PAP AuthNak id=0x1 ""]
PAP authentication failed
sent [LCP TermReq id=0x2 "Failed to authenticate ourselves to peer"]
rcvd [LCP TermReq id=0xf]
sent [LCP TermAck id=0xf]
Modem hangup
Connection terminated.
Send PPPOE Discovery V1T1 PADT session 0x23a length 28
 dst 4c:6d:58:4c:37:d8  src 02:38:bb:a4:10:6b
 [host-uniq 52 09 00 00] [AC-cookie 3c a8 dd 12 e1 4d 25 ab d2 e6 de 3d ca c8 53 63]
Sent PADT
