Send PPPOE Discovery V1T1 PADI session 0x0 length 12
 dst ff:ff:ff:ff:ff:ff  src 02:49:48:f2:60:e5
 [service-name] [host-uniq 6d 03 00 00]
Send PPPOE Discovery V1T1 PADI session 0x0 length 12
 dst ff:ff:ff:ff:ff:ff  src 02:49:48:f2:60:e5
 [service-name] [host-uniq 6d 03 00 00]
Recv PPPOE Discovery V1T1 PADO session 0x0 length 46
 dst 02:49:48:f2:60:e5  src 4c:6d:58:4c:37:d8
 [AC-name CDU-BRAS-1] [host-uniq 6d 03 00 00] [service-name] [AC-cookie 05 e9 bc c8 e4 76 6a 56 1b 19 02 8d 40 6a 71 b8]
Send PPPOE Discovery V1T1 PADR session 0x0 length 32
 dst 4c:6d:58:4c:37:d8  src 02:49:48:f2:60:e5
 [service-name] [host-uniq 6d 03 00 00] [AC-cookie 05 e9 bc c8 e4 76 6a 56 1b 19 02 8d 40 6a 71 b8]
Recv PPPOE Discovery V1T1 PADS session 0x1a7 length 46
 dst 02:49:48:f2:60:e5  src 4c:6d:58:4c:37:d8
 [service-name] [host-uniq 6d 03 00 00] [AC-name CDU-BRAS-1] [AC-cookie 05 e9 bc c8 e4 76 6a 56 1b 19 02 8d 40 6a 71 b8]
PPP session is 423
Connected to 4C:6D:58:4C:37:D8 via interface enp6s0
using channel 44
Using interface ppp0
Connect: ppp0 <--> enp6s0
sent [LCP ConfReq id=0x1 <mru 1492> <magic 0x270a7a6c>]
rcvd [LCP ConfReq id=0xea <mru 1492> <auth pap> <magic 0x5b1fe642>]
sent [LCP ConfAck id=0xea <mru 1492> <auth pap> <magic 0x5b1fe642>]
rcvd [LCP ConfAck id=0x1 <mru 1492> <magic 0x270a7a6c>]
sent [LCP EchoReq id=0x0 magic=0x270a7a6c]
sent [PAP AuthReq id=0x1 user="13908063548@cmccgx" password=<hidden>]
rcvd [LCP EchoRep id=0x0 magic=0x5b1fe642]
rcvd [PAP AuthNak id=0x1 "109026004|109020109|Reject by concurrency control."]
Remote message: 109026004|109020109|Reject by concurrency control.
PAP authentication failed
sent [LCP TermReq id=0x2 "Failed to authenticate ourselves to peer"]
rcvd [LCP TermReq id=0xeb]
sent [LCP TermAck id=0xeb]
Modem hangup
Connection terminated.
Send PPPOE Discovery V1T1 PADT session 0x1a7 length 28
 dst 4c:6d:58:4c:37:d8  src 02:49:48:f2:60:e5
 [host-uniq 6d 03 00 00] [AC-cookie 05 e9 bc c8 e4 76 6a 56 1b 19 02 8d 40 6a 71 b8]
Sent PADT
