Send PPPOE Discovery V1T1 PADI session 0x0 length 12
 dst ff:ff:ff:ff:ff:ff  src 02:6a:19:84:7a:4b
 [service-name] [host-uniq 45 00 00 00]
Send PPPOE Discovery V1T1 PADI session 0x0 length 12
 dst ff:ff:ff:ff:ff:ff  src 02:6a:19:84:7a:4b
 [service-name] [host-uniq 45 00 00 00]
Recv PPPOE Discovery V1T1 PADO session 0x0 length 46
 dst 02:6a:19:84:7a:4b  src 4c:6d:58:4c:37:d8
 [AC-name CDU-BRAS-1] [host-uniq 45 00 00 00] [service-name] [AC-cookie 70 ef b3 e4 e8 eb 60 da 6b 49 ea 7d 14 55 e4 bc]
Send PPPOE Discovery V1T1 PADR session 0x0 length 32
 dst 4c:6d:58:4c:37:d8  src 02:6a:19:84:7a:4b
 [service-name] [host-uniq 45 00 00 00] [AC-cookie 70 ef b3 e4 e8 eb 60 da 6b 49 ea 7d 14 55 e4 bc]
Recv PPPOE Discovery V1T1 PADS session 0x6d length 46
 dst 02:6a:19:84:7a:4b  src 4c:6d:58:4c:37:d8
 [service-name] [host-uniq 45 00 00 00] [AC-name CDU-BRAS-1] [AC-cookie 70 ef b3 e4 e8 eb 60 da 6b 49 ea 7d 14 55 e4 bc]
PPP session is 109
Connected to 4C:6D:58:4C:37:D8 via interface enp3s0
using channel 11
Using interface ppp0
Connect: ppp0 <--> enp3s0
sent [LCP ConfReq id=0x1 <mru 1492> <magic 0xb30c3d4c>]
rcvd [LCP ConfAck id=0x1 <mru 1492> <magic 0xb30c3d4c>]
rcvd [LCP ConfReq id=0x4e <mru 1492> <auth pap> <magic 0x5811dcf1>]
sent [LCP ConfAck id=0x4e <mru 1492> <auth pap> <magic 0x5811dcf1>]
sent [LCP EchoReq id=0x0 magic=0xb30c3d4c]
sent [PAP AuthReq id=0x1 user="W18608001027@cdu" password=<hidden>]
rcvd [LCP EchoRep id=0x0 magic=0x5811dcf1]
rcvd [PAP AuthNak id=0x1 ""]
PAP authentication failed
sent [LCP TermReq id=0x2 "Failed to authenticate ourselves to peer"]
rcvd [LCP TermReq id=0x4f]
sent [LCP TermAck id=0x4f]
Modem hangup
Connection terminated.
Send PPPOE Discovery V1T1 PADT session 0x6d length 28
 dst 4c:6d:58:4c:37:d8  src 02:6a:19:84:7a:4b
 [host-uniq 45 00 00 00] [AC-cookie 70 ef b3 e4 e8 eb 60 da 6b 49 ea 7d 14 55 e4 bc]
Sent PADT
