Send PPPOE Discovery V1T1 PADI session 0x0 length 12
 dst ff:ff:ff:ff:ff:ff  src 02:33:d7:f1:c4:bd
 [service-name] [host-uniq 28 00 00 00]
Send PPPOE Discovery V1T1 PADI session 0x0 length 12
 dst ff:ff:ff:ff:ff:ff  src 02:33:d7:f1:c4:bd
 [service-name] [host-uniq 28 00 00 00]
Recv PPPOE Discovery V1T1 PADO session 0x0 length 46
 dst 02:33:d7:f1:c4:bd  src 4c:6d:58:4c:37:d8
 [AC-name CDU-BRAS-1] [host-uniq 28 00 00 00] [service-name] [AC-cookie 99 bc ba 2b fe 65 f2 86 b8 04 30 74 2a 5b 84 cb]
Send PPPOE Discovery V1T1 PADR session 0x0 length 32
 dst 4c:6d:58:4c:37:d8  src 02:33:d7:f1:c4:bd
 [service-name] [host-uniq 28 00 00 00] [AC-cookie 99 bc ba 2b fe 65 f2 86 b8 04 30 74 2a 5b 84 cb]
Recv PPPOE Discovery V1T1 PADS session 0x50 length 46
 dst 02:33:d7:f1:c4:bd  src 4c:6d:58:4c:37:d8
 [service-name] [host-uniq 28 00 00 00] [AC-name CDU-BRAS-1] [AC-cookie 99 bc ba 2b fe 65 f2 86 b8 04 30 74 2a 5b 84 cb]
PPP session is 80
Connected to 4C:6D:58:4C:37:D8 via interface enp3s0
using channel 226
Using interface ppp0
Connect: ppp0 <--> enp3s0
sent [LCP ConfReq id=0x1 <mru 1492> <magic 0xce4c6a1>]
rcvd [LCP ConfReq id=0x56 <mru 1492> <auth pap> <magic 0x6d0a4263>]
sent [LCP ConfAck id=0x56 <mru 1492> <auth pap> <magic 0x6d0a4263>]
rcvd [LCP ConfAck id=0x1 <mru 1492> <magic 0xce4c6a1>]
sent [LCP EchoReq id=0x0 magic=0xce4c6a1]
sent [PAP AuthReq id=0x1 user="W18608001027@cdu" password=<hidden>]
rcvd [LCP EchoRep id=0x0 magic=0x6d0a4263]
rcvd [PAP AuthNak id=0x1 ""]
PAP authentication failed
sent [LCP TermReq id=0x2 "Failed to authenticate ourselves to peer"]
rcvd [LCP TermReq id=0x57]
sent [LCP TermAck id=0x57]
Modem hangup
Connection terminated.
Send PPPOE Discovery V1T1 PADT session 0x50 length 28
 dst 4c:6d:58:4c:37:d8  src 02:33:d7:f1:c4:bd
 [host-uniq 28 00 00 00] [AC-cookie 99 bc ba 2b fe 65 f2 86 b8 04 30 74 2a 5b 84 cb]
Sent PADT
