Send PPPOE Discovery V1T1 PADI session 0x0 length 12
 dst ff:ff:ff:ff:ff:ff  src 02:4a:c4:f1:d2:cd
 [service-name] [host-uniq 7d 00 00 00]
Send PPPOE Discovery V1T1 PADI session 0x0 length 12
 dst ff:ff:ff:ff:ff:ff  src 02:4a:c4:f1:d2:cd
 [service-name] [host-uniq 7d 00 00 00]
Recv PPPOE Discovery V1T1 PADO session 0x0 length 46
 dst 02:4a:c4:f1:d2:cd  src 4c:6d:58:4c:37:d8
 [AC-name CDU-BRAS-1] [host-uniq 7d 00 00 00] [service-name] [AC-cookie d2 d5 2f 1f 59 a6 98 42 ed 2f a5 2e 74 ec 5d 71]
Send PPPOE Discovery V1T1 PADR session 0x0 length 32
 dst 4c:6d:58:4c:37:d8  src 02:4a:c4:f1:d2:cd
 [service-name] [host-uniq 7d 00 00 00] [AC-cookie d2 d5 2f 1f 59 a6 98 42 ed 2f a5 2e 74 ec 5d 71]
Recv PPPOE Discovery V1T1 PADS session 0x6d length 46
 dst 02:4a:c4:f1:d2:cd  src 4c:6d:58:4c:37:d8
 [service-name] [host-uniq 7d 00 00 00] [AC-name CDU-BRAS-1] [AC-cookie d2 d5 2f 1f 59 a6 98 42 ed 2f a5 2e 74 ec 5d 71]
PPP session is 109
Connected to 4C:6D:58:4C:37:D8 via interface enp3s0
using channel 12
Using interface ppp0
Connect: ppp0 <--> enp3s0
sent [LCP ConfReq id=0x1 <mru 1492> <magic 0x644a48b0>]
rcvd [LCP ConfReq id=0x4 <mru 1492> <auth pap> <magic 0xab68ff8>]
sent [LCP ConfAck id=0x4 <mru 1492> <auth pap> <magic 0xab68ff8>]
rcvd [LCP ConfAck id=0x1 <mru 1492> <magic 0x644a48b0>]
sent [LCP EchoReq id=0x0 magic=0x644a48b0]
sent [PAP AuthReq id=0x1 user="W18608001027@cdu" password=<hidden>]
rcvd [LCP EchoRep id=0x0 magic=0xab68ff8]
rcvd [PAP AuthNak id=0x1 ""]
PAP authentication failed
sent [LCP TermReq id=0x2 "Failed to authenticate ourselves to peer"]
rcvd [LCP TermReq id=0x5]
sent [LCP TermAck id=0x5]
Modem hangup
Connection terminated.
Send PPPOE Discovery V1T1 PADT session 0x6d length 28
 dst 4c:6d:58:4c:37:d8  src 02:4a:c4:f1:d2:cd
 [host-uniq 7d 00 00 00] [AC-cookie d2 d5 2f 1f 59 a6 98 42 ed 2f a5 2e 74 ec 5d 71]
Sent PADT
