Send PPPOE Discovery V1T1 PADI session 0x0 length 12
 dst ff:ff:ff:ff:ff:ff  src 02:21:6c:8b:aa:00
 [service-name] [host-uniq 3a 00 00 00]
Send PPPOE Discovery V1T1 PADI session 0x0 length 12
 dst ff:ff:ff:ff:ff:ff  src 02:21:6c:8b:aa:00
 [service-name] [host-uniq 3a 00 00 00]
Recv PPPOE Discovery V1T1 PADO session 0x0 length 46
 dst 02:21:6c:8b:aa:00  src 4c:6d:58:4c:37:d8
 [AC-name CDU-BRAS-1] [host-uniq 3a 00 00 00] [service-name] [AC-cookie c9 a2 98 c6 c2 5b 56 8b f6 84 12 35 a1 e5 65 22]
Send PPPOE Discovery V1T1 PADR session 0x0 length 32
 dst 4c:6d:58:4c:37:d8  src 02:21:6c:8b:aa:00
 [service-name] [host-uniq 3a 00 00 00] [AC-cookie c9 a2 98 c6 c2 5b 56 8b f6 84 12 35 a1 e5 65 22]
Recv PPPOE Discovery V1T1 PADS session 0xa1 length 46
 dst 02:21:6c:8b:aa:00  src 4c:6d:58:4c:37:d8
 [service-name] [host-uniq 3a 00 00 00] [AC-name CDU-BRAS-1] [AC-cookie c9 a2 98 c6 c2 5b 56 8b f6 84 12 35 a1 e5 65 22]
PPP session is 161
Connected to 4C:6D:58:4C:37:D8 via interface enp3s0
using channel 13
Using interface ppp0
Connect: ppp0 <--> enp3s0
sent [LCP ConfReq id=0x1 <mru 1492> <magic 0xc42332fc>]
rcvd [LCP ConfReq id=0x8d <mru 1492> <auth pap> <magic 0x191aba4>]
sent [LCP ConfAck id=0x8d <mru 1492> <auth pap> <magic 0x191aba4>]
rcvd [LCP ConfAck id=0x1 <mru 1492> <magic 0xc42332fc>]
sent [LCP EchoReq id=0x0 magic=0xc42332fc]
sent [PAP AuthReq id=0x1 user="13908063548@cmccgx" password=<hidden>]
rcvd [LCP EchoRep id=0x0 magic=0x191aba4]
rcvd [PAP AuthNak id=0x1 "109026001|109020133|The subscriber is deregistered or the password is incorrect."]
Remote message: 109026001|109020133|The subscriber is deregistered or the password is incorrect.
PAP authentication failed
sent [LCP TermReq id=0x2 "Failed to authenticate ourselves to peer"]
rcvd [LCP TermReq id=0x8e]
sent [LCP TermAck id=0x8e]
Modem hangup
Connection terminated.
Send PPPOE Discovery V1T1 PADT session 0xa1 length 28
 dst 4c:6d:58:4c:37:d8  src 02:21:6c:8b:aa:00
 [host-uniq 3a 00 00 00] [AC-cookie c9 a2 98 c6 c2 5b 56 8b f6 84 12 35 a1 e5 65 22]
Sent PADT
