Send PPPOE Discovery V1T1 PADI session 0x0 length 12
 dst ff:ff:ff:ff:ff:ff  src 02:7b:a1:e3:45:76
 [service-name] [host-uniq 13 05 00 00]
Recv PPPOE Discovery V1T1 PADO session 0x0 length 46
 dst 02:7b:a1:e3:45:76  src 4c:6d:58:4c:37:d8
 [AC-name CDU-BRAS-1] [host-uniq 13 05 00 00] [service-name] [AC-cookie 14 d4 dc ac 95 a5 b7 79 a2 08 1a 47 c6 8a 41 8e]
Send PPPOE Discovery V1T1 PADR session 0x0 length 32
 dst 4c:6d:58:4c:37:d8  src 02:7b:a1:e3:45:76
 [service-name] [host-uniq 13 05 00 00] [AC-cookie 14 d4 dc ac 95 a5 b7 79 a2 08 1a 47 c6 8a 41 8e]
Recv PPPOE Discovery V1T1 PADS session 0x50 length 46
 dst 02:7b:a1:e3:45:76  src 4c:6d:58:4c:37:d8
 [service-name] [host-uniq 13 05 00 00] [AC-name CDU-BRAS-1] [AC-cookie 14 d4 dc ac 95 a5 b7 79 a2 08 1a 47 c6 8a 41 8e]
PPP session is 80
Connected to 4C:6D:58:4C:37:D8 via interface enp7s0.2002
using channel 146
Using interface ppp0
Connect: ppp0 <--> enp7s0.2002
sent [LCP ConfReq id=0x1 <mru 1492> <magic 0xb1b6b23c>]
rcvd [LCP ConfReq id=0xc0 <mru 1492> <auth pap> <magic 0x5fbf48b4>]
sent [LCP ConfAck id=0xc0 <mru 1492> <auth pap> <magic 0x5fbf48b4>]
rcvd [LCP ConfAck id=0x1 <mru 1492> <magic 0xb1b6b23c>]
sent [LCP EchoReq id=0x0 magic=0xb1b6b23c]
sent [PAP AuthReq id=0x1 user="18608001027@cdu" password=<hidden>]
rcvd [LCP EchoRep id=0x0 magic=0x5fbf48b4]
Terminating on signal 15
sent [LCP TermReq id=0x2 "User request"]
rcvd [LCP TermAck id=0x2]
Connection terminated.
Send PPPOE Discovery V1T1 PADT session 0x50 length 28
 dst 4c:6d:58:4c:37:d8  src 02:7b:a1:e3:45:76
 [host-uniq 13 05 00 00] [AC-cookie 14 d4 dc ac 95 a5 b7 79 a2 08 1a 47 c6 8a 41 8e]
Sent PADT
