Send PPPOE Discovery V1T1 PADI session 0x0 length 12
 dst ff:ff:ff:ff:ff:ff  src 02:40:b3:61:c7:b9
 [service-name] [host-uniq e0 03 00 00]
Send PPPOE Discovery V1T1 PADI session 0x0 length 12
 dst ff:ff:ff:ff:ff:ff  src 02:40:b3:61:c7:b9
 [service-name] [host-uniq e0 03 00 00]
Recv PPPOE Discovery V1T1 PADO session 0x0 length 46
 dst 02:40:b3:61:c7:b9  src 4c:6d:58:4c:37:d8
 [AC-name CDU-BRAS-1] [host-uniq e0 03 00 00] [service-name] [AC-cookie 6d 69 a6 22 3d 0f 63 f1 c2 41 3a 01 ba 84 36 ba]
Send PPPOE Discovery V1T1 PADR session 0x0 length 32
 dst 4c:6d:58:4c:37:d8  src 02:40:b3:61:c7:b9
 [service-name] [host-uniq e0 03 00 00] [AC-cookie 6d 69 a6 22 3d 0f 63 f1 c2 41 3a 01 ba 84 36 ba]
Recv PPPOE Discovery V1T1 PADS session 0x19a length 46
 dst 02:40:b3:61:c7:b9  src 4c:6d:58:4c:37:d8
 [service-name] [host-uniq e0 03 00 00] [AC-name CDU-BRAS-1] [AC-cookie 6d 69 a6 22 3d 0f 63 f1 c2 41 3a 01 ba 84 36 ba]
PPP session is 410
Connected to 4C:6D:58:4C:37:D8 via interface enp3s0
using channel 3
Using interface ppp0
Connect: ppp0 <--> enp3s0
sent [LCP ConfReq id=0x1 <mru 1492> <magic 0xf4f2a8e6>]
rcvd [LCP ConfReq id=0xa3 <mru 1492> <auth pap> <magic 0x37ed2972>]
sent [LCP ConfAck id=0xa3 <mru 1492> <auth pap> <magic 0x37ed2972>]
rcvd [LCP ConfAck id=0x1 <mru 1492> <magic 0xf4f2a8e6>]
sent [LCP EchoReq id=0x0 magic=0xf4f2a8e6]
sent [PAP AuthReq id=0x1 user="scxy13908063548@cmccgx@cdu" password=<hidden>]
rcvd [LCP EchoRep id=0x0 magic=0x37ed2972]
rcvd [PAP AuthNak id=0x1 ""]
PAP authentication failed
sent [LCP TermReq id=0x2 "Failed to authenticate ourselves to peer"]
rcvd [LCP TermReq id=0xa4]
sent [LCP TermAck id=0xa4]
Modem hangup
Connection terminated.
Send PPPOE Discovery V1T1 PADT session 0x19a length 28
 dst 4c:6d:58:4c:37:d8  src 02:40:b3:61:c7:b9
 [host-uniq e0 03 00 00] [AC-cookie 6d 69 a6 22 3d 0f 63 f1 c2 41 3a 01 ba 84 36 ba]
Sent PADT
