Send PPPOE Discovery V1T1 PADI session 0x0 length 12
 dst ff:ff:ff:ff:ff:ff  src 02:3f:f3:91:4d:56
 [service-name] [host-uniq 4e 04 00 00]
Recv PPPOE Discovery V1T1 PADO session 0x0 length 46
 dst 02:3f:f3:91:4d:56  src 4c:6d:58:4c:37:d8
 [AC-name CDU-BRAS-1] [host-uniq 4e 04 00 00] [service-name] [AC-cookie 3d aa d5 71 d0 dd ba fd c0 b5 d8 09 eb f8 82 9b]
Send PPPOE Discovery V1T1 PADR session 0x0 length 32
 dst 4c:6d:58:4c:37:d8  src 02:3f:f3:91:4d:56
 [service-name] [host-uniq 4e 04 00 00] [AC-cookie 3d aa d5 71 d0 dd ba fd c0 b5 d8 09 eb f8 82 9b]
Recv PPPOE Discovery V1T1 PADS session 0x50 length 46
 dst 02:3f:f3:91:4d:56  src 4c:6d:58:4c:37:d8
 [service-name] [host-uniq 4e 04 00 00] [AC-name CDU-BRAS-1] [AC-cookie 3d aa d5 71 d0 dd ba fd c0 b5 d8 09 eb f8 82 9b]
PPP session is 80
Connected to 4C:6D:58:4C:37:D8 via interface enp7s0.2003
using channel 142
Using interface ppp0
Connect: ppp0 <--> enp7s0.2003
sent [LCP ConfReq id=0x1 <mru 1492> <magic 0x14e4bddc>]
rcvd [LCP ConfReq id=0xf0 <mru 1492> <auth pap> <magic 0x756e925a>]
sent [LCP ConfAck id=0xf0 <mru 1492> <auth pap> <magic 0x756e925a>]
rcvd [LCP ConfAck id=0x1 <mru 1492> <magic 0x14e4bddc>]
sent [LCP EchoReq id=0x0 magic=0x14e4bddc]
sent [PAP AuthReq id=0x1 user="18608001027@cdu" password=<hidden>]
rcvd [LCP EchoRep id=0x0 magic=0x756e925a]
Terminating on signal 15
sent [LCP TermReq id=0x2 "User request"]
rcvd [LCP TermAck id=0x2]
Connection terminated.
Send PPPOE Discovery V1T1 PADT session 0x50 length 28
 dst 4c:6d:58:4c:37:d8  src 02:3f:f3:91:4d:56
 [host-uniq 4e 04 00 00] [AC-cookie 3d aa d5 71 d0 dd ba fd c0 b5 d8 09 eb f8 82 9b]
Sent PADT
