Send PPPOE Discovery V1T1 PADI session 0x0 length 12
 dst ff:ff:ff:ff:ff:ff  src 02:14:de:af:86:65
 [service-name] [host-uniq 5b 01 00 00]
Send PPPOE Discovery V1T1 PADI session 0x0 length 12
 dst ff:ff:ff:ff:ff:ff  src 02:14:de:af:86:65
 [service-name] [host-uniq 5b 01 00 00]
Recv PPPOE Discovery V1T1 PADO session 0x0 length 46
 dst 02:14:de:af:86:65  src 4c:6d:58:4c:37:d8
 [AC-name CDU-BRAS-1] [host-uniq 5b 01 00 00] [service-name] [AC-cookie 8e e0 18 14 5f 0f 9f 55 c3 49 45 a0 0d 32 db 7a]
Send PPPOE Discovery V1T1 PADR session 0x0 length 32
 dst 4c:6d:58:4c:37:d8  src 02:14:de:af:86:65
 [service-name] [host-uniq 5b 01 00 00] [AC-cookie 8e e0 18 14 5f 0f 9f 55 c3 49 45 a0 0d 32 db 7a]
Recv PPPOE Discovery V1T1 PADS session 0xf0 length 46
 dst 02:14:de:af:86:65  src 4c:6d:58:4c:37:d8
 [service-name] [host-uniq 5b 01 00 00] [AC-name CDU-BRAS-1] [AC-cookie 8e e0 18 14 5f 0f 9f 55 c3 49 45 a0 0d 32 db 7a]
PPP session is 240
Connected to 4C:6D:58:4C:37:D8 via interface enp3s0
using channel 24
Using interface ppp0
Connect: ppp0 <--> enp3s0
sent [LCP ConfReq id=0x1 <mru 1492> <magic 0x680c1162>]
rcvd [LCP ConfReq id=0xdb <mru 1492> <auth pap> <magic 0x4fe613fa>]
sent [LCP ConfAck id=0xdb <mru 1492> <auth pap> <magic 0x4fe613fa>]
rcvd [LCP ConfAck id=0x1 <mru 1492> <magic 0x680c1162>]
sent [LCP EchoReq id=0x0 magic=0x680c1162]
sent [PAP AuthReq id=0x1 user="13908063548@cmccgx" password=<hidden>]
rcvd [LCP EchoRep id=0x0 magic=0x4fe613fa]
rcvd [PAP AuthNak id=0x1 "109026001|109020133|The subscriber is deregistered or the password is incorrect."]
Remote message: 109026001|109020133|The subscriber is deregistered or the password is incorrect.
PAP authentication failed
sent [LCP TermReq id=0x2 "Failed to authenticate ourselves to peer"]
rcvd [LCP TermReq id=0xdc]
sent [LCP TermAck id=0xdc]
Modem hangup
Connection terminated.
Send PPPOE Discovery V1T1 PADT session 0xf0 length 28
 dst 4c:6d:58:4c:37:d8  src 02:14:de:af:86:65
 [host-uniq 5b 01 00 00] [AC-cookie 8e e0 18 14 5f 0f 9f 55 c3 49 45 a0 0d 32 db 7a]
Sent PADT
