Send PPPOE Discovery V1T1 PADI session 0x0 length 12
 dst ff:ff:ff:ff:ff:ff  src 02:76:a7:38:a2:7f
 [service-name] [host-uniq 04 0c 00 00]
Recv PPPOE Discovery V1T1 PADO session 0x0 length 46
 dst 02:76:a7:38:a2:7f  src 4c:6d:58:4c:37:d8
 [AC-name CDU-BRAS-1] [host-uniq 04 0c 00 00] [service-name] [AC-cookie 7f 59 25 7a 88 ad a1 b3 1e 5a d7 81 d0 81 5d fb]
Send PPPOE Discovery V1T1 PADR session 0x0 length 32
 dst 4c:6d:58:4c:37:d8  src 02:76:a7:38:a2:7f
 [service-name] [host-uniq 04 0c 00 00] [AC-cookie 7f 59 25 7a 88 ad a1 b3 1e 5a d7 81 d0 81 5d fb]
Recv PPPOE Discovery V1T1 PADS session 0x110 length 46
 dst 02:76:a7:38:a2:7f  src 4c:6d:58:4c:37:d8
 [service-name] [host-uniq 04 0c 00 00] [AC-name CDU-BRAS-1] [AC-cookie 7f 59 25 7a 88 ad a1 b3 1e 5a d7 81 d0 81 5d fb]
PPP session is 272
Connected to 4C:6D:58:4C:37:D8 via interface enp7s0.2031
using channel 195
Using interface ppp21
Connect: ppp21 <--> enp7s0.2031
sent [LCP ConfReq id=0x1 <mru 1492> <magic 0x4f056e6f>]
rcvd [LCP ConfReq id=0xae <mru 1492> <auth pap> <magic 0x3bd642a4>]
sent [LCP ConfAck id=0xae <mru 1492> <auth pap> <magic 0x3bd642a4>]
rcvd [LCP ConfAck id=0x1 <mru 1492> <magic 0x4f056e6f>]
sent [LCP EchoReq id=0x0 magic=0x4f056e6f]
sent [PAP AuthReq id=0x1 user="18608001027@cdu" password=<hidden>]
rcvd [LCP EchoRep id=0x0 magic=0x3bd642a4]
sent [PAP AuthReq id=0x2 user="18608001027@cdu" password=<hidden>]
sent [PAP AuthReq id=0x3 user="18608001027@cdu" password=<hidden>]
sent [PAP AuthReq id=0x4 user="18608001027@cdu" password=<hidden>]
sent [PAP AuthReq id=0x5 user="18608001027@cdu" password=<hidden>]
rcvd [PAP AuthNak id=0x5 ""]
PAP authentication failed
sent [LCP TermReq id=0x2 "Failed to authenticate ourselves to peer"]
rcvd [LCP TermReq id=0xaf]
sent [LCP TermAck id=0xaf]
Modem hangup
Connection terminated.
Send PPPOE Discovery V1T1 PADT session 0x110 length 28
 dst 4c:6d:58:4c:37:d8  src 02:76:a7:38:a2:7f
 [host-uniq 04 0c 00 00] [AC-cookie 7f 59 25 7a 88 ad a1 b3 1e 5a d7 81 d0 81 5d fb]
Sent PADT
