Send PPPOE Discovery V1T1 PADI session 0x0 length 12
 dst ff:ff:ff:ff:ff:ff  src 02:5b:88:9b:e2:8b
 [service-name] [host-uniq b5 00 00 00]
Send PPPOE Discovery V1T1 PADI session 0x0 length 12
 dst ff:ff:ff:ff:ff:ff  src 02:5b:88:9b:e2:8b
 [service-name] [host-uniq b5 00 00 00]
Recv PPPOE Discovery V1T1 PADO session 0x0 length 46
 dst 02:5b:88:9b:e2:8b  src 4c:6d:58:4c:37:d8
 [AC-name CDU-BRAS-1] [host-uniq b5 00 00 00] [service-name] [AC-cookie ef ce cb 0d f9 26 57 82 2c f0 3e fd 97 eb 5d d9]
Send PPPOE Discovery V1T1 PADR session 0x0 length 32
 dst 4c:6d:58:4c:37:d8  src 02:5b:88:9b:e2:8b
 [service-name] [host-uniq b5 00 00 00] [AC-cookie ef ce cb 0d f9 26 57 82 2c f0 3e fd 97 eb 5d d9]
Recv PPPOE Discovery V1T1 PADS session 0x1c3 length 46
 dst 02:5b:88:9b:e2:8b  src 4c:6d:58:4c:37:d8
 [service-name] [host-uniq b5 00 00 00] [AC-name CDU-BRAS-1] [AC-cookie ef ce cb 0d f9 26 57 82 2c f0 3e fd 97 eb 5d d9]
PPP session is 451
Connected to 4C:6D:58:4C:37:D8 via interface enp3s0
using channel 36
Using interface ppp0
Connect: ppp0 <--> enp3s0
sent [LCP ConfReq id=0x1 <mru 1492> <magic 0xc1423b0b>]
rcvd [LCP ConfReq id=0x28 <mru 1492> <auth pap> <magic 0x72f71b6f>]
sent [LCP ConfAck id=0x28 <mru 1492> <auth pap> <magic 0x72f71b6f>]
rcvd [LCP ConfAck id=0x1 <mru 1492> <magic 0xc1423b0b>]
sent [LCP EchoReq id=0x0 magic=0xc1423b0b]
sent [PAP AuthReq id=0x1 user="13908063548@cmccgx" password=<hidden>]
rcvd [LCP EchoRep id=0x0 magic=0x72f71b6f]
rcvd [PAP AuthNak id=0x1 "109026004|109020109|Reject by concurrency control."]
Remote message: 109026004|109020109|Reject by concurrency control.
PAP authentication failed
sent [LCP TermReq id=0x2 "Failed to authenticate ourselves to peer"]
rcvd [LCP TermReq id=0x29]
sent [LCP TermAck id=0x29]
Modem hangup
Connection terminated.
Send PPPOE Discovery V1T1 PADT session 0x1c3 length 28
 dst 4c:6d:58:4c:37:d8  src 02:5b:88:9b:e2:8b
 [host-uniq b5 00 00 00] [AC-cookie ef ce cb 0d f9 26 57 82 2c f0 3e fd 97 eb 5d d9]
Sent PADT
