Send PPPOE Discovery V1T1 PADI session 0x0 length 12
 dst ff:ff:ff:ff:ff:ff  src 02:5b:94:26:5a:34
 [service-name] [host-uniq a3 00 00 00]
Send PPPOE Discovery V1T1 PADI session 0x0 length 12
 dst ff:ff:ff:ff:ff:ff  src 02:5b:94:26:5a:34
 [service-name] [host-uniq a3 00 00 00]
Recv PPPOE Discovery V1T1 PADO session 0x0 length 46
 dst 02:5b:94:26:5a:34  src 4c:6d:58:4c:37:d8
 [AC-name CDU-BRAS-1] [host-uniq a3 00 00 00] [service-name] [AC-cookie 7b d3 37 43 2d e3 25 e9 5f b1 f7 be 12 72 a3 83]
Send PPPOE Discovery V1T1 PADR session 0x0 length 32
 dst 4c:6d:58:4c:37:d8  src 02:5b:94:26:5a:34
 [service-name] [host-uniq a3 00 00 00] [AC-cookie 7b d3 37 43 2d e3 25 e9 5f b1 f7 be 12 72 a3 83]
Recv PPPOE Discovery V1T1 PADS session 0xe6 length 46
 dst 02:5b:94:26:5a:34  src 4c:6d:58:4c:37:d8
 [service-name] [host-uniq a3 00 00 00] [AC-name CDU-BRAS-1] [AC-cookie 7b d3 37 43 2d e3 25 e9 5f b1 f7 be 12 72 a3 83]
PPP session is 230
Connected to 4C:6D:58:4C:37:D8 via interface enp6s0
using channel 49
Using interface ppp0
Connect: ppp0 <--> enp6s0
sent [LCP ConfReq id=0x1 <mru 1492> <magic 0x7588854d>]
rcvd [LCP ConfReq id=0xa <mru 1492> <auth pap> <magic 0x9528326>]
sent [LCP ConfAck id=0xa <mru 1492> <auth pap> <magic 0x9528326>]
rcvd [LCP ConfAck id=0x1 <mru 1492> <magic 0x7588854d>]
sent [LCP EchoReq id=0x0 magic=0x7588854d]
sent [PAP AuthReq id=0x1 user="13908063548@cmccgx" password=<hidden>]
rcvd [LCP EchoRep id=0x0 magic=0x9528326]
rcvd [PAP AuthNak id=0x1 "109026001|109020133|The subscriber is deregistered or the password is incorrect."]
Remote message: 109026001|109020133|The subscriber is deregistered or the password is incorrect.
PAP authentication failed
sent [LCP TermReq id=0x2 "Failed to authenticate ourselves to peer"]
rcvd [LCP TermReq id=0xb]
sent [LCP TermAck id=0xb]
Modem hangup
Connection terminated.
Send PPPOE Discovery V1T1 PADT session 0xe6 length 28
 dst 4c:6d:58:4c:37:d8  src 02:5b:94:26:5a:34
 [host-uniq a3 00 00 00] [AC-cookie 7b d3 37 43 2d e3 25 e9 5f b1 f7 be 12 72 a3 83]
Sent PADT
