Send PPPOE Discovery V1T1 PADI session 0x0 length 12
 dst ff:ff:ff:ff:ff:ff  src 02:2b:8e:76:53:ad
 [service-name] [host-uniq 4c 0f 00 00]
Send PPPOE Discovery V1T1 PADI session 0x0 length 12
 dst ff:ff:ff:ff:ff:ff  src 02:2b:8e:76:53:ad
 [service-name] [host-uniq 4c 0f 00 00]
Recv PPPOE Discovery V1T1 PADO session 0x0 length 46
 dst 02:2b:8e:76:53:ad  src 4c:6d:58:4c:37:d8
 [AC-name CDU-BRAS-1] [host-uniq 4c 0f 00 00] [service-name] [AC-cookie 25 cb 51 a1 10 b1 ce 93 a2 af 26 3c be 59 1e 7a]
Send PPPOE Discovery V1T1 PADR session 0x0 length 32
 dst 4c:6d:58:4c:37:d8  src 02:2b:8e:76:53:ad
 [service-name] [host-uniq 4c 0f 00 00] [AC-cookie 25 cb 51 a1 10 b1 ce 93 a2 af 26 3c be 59 1e 7a]
Recv PPPOE Discovery V1T1 PADS session 0x120 length 46
 dst 02:2b:8e:76:53:ad  src 4c:6d:58:4c:37:d8
 [service-name] [host-uniq 4c 0f 00 00] [AC-name CDU-BRAS-1] [AC-cookie 25 cb 51 a1 10 b1 ce 93 a2 af 26 3c be 59 1e 7a]
PPP session is 288
Connected to 4C:6D:58:4C:37:D8 via interface enp3s0
using channel 7
Using interface ppp0
Connect: ppp0 <--> enp3s0
sent [LCP ConfReq id=0x1 <mru 1492> <magic 0xa198795f>]
rcvd [LCP ConfReq id=0x50 <mru 1492> <auth pap> <magic 0x7157b6b>]
sent [LCP ConfAck id=0x50 <mru 1492> <auth pap> <magic 0x7157b6b>]
rcvd [LCP ConfAck id=0x1 <mru 1492> <magic 0xa198795f>]
sent [LCP EchoReq id=0x0 magic=0xa198795f]
sent [PAP AuthReq id=0x1 user="scxy13908063548@cmccgx@cdu" password=<hidden>]
rcvd [LCP EchoRep id=0x0 magic=0x7157b6b]
rcvd [PAP AuthNak id=0x1 ""]
PAP authentication failed
sent [LCP TermReq id=0x2 "Failed to authenticate ourselves to peer"]
rcvd [LCP TermReq id=0x51]
sent [LCP TermAck id=0x51]
Modem hangup
Connection terminated.
Send PPPOE Discovery V1T1 PADT session 0x120 length 28
 dst 4c:6d:58:4c:37:d8  src 02:2b:8e:76:53:ad
 [host-uniq 4c 0f 00 00] [AC-cookie 25 cb 51 a1 10 b1 ce 93 a2 af 26 3c be 59 1e 7a]
Sent PADT
