Send PPPOE Discovery V1T1 PADI session 0x0 length 12
 dst ff:ff:ff:ff:ff:ff  src 02:1d:4f:fb:fb:a3
 [service-name] [host-uniq 03 01 00 00]
Send PPPOE Discovery V1T1 PADI session 0x0 length 12
 dst ff:ff:ff:ff:ff:ff  src 02:1d:4f:fb:fb:a3
 [service-name] [host-uniq 03 01 00 00]
Recv PPPOE Discovery V1T1 PADO session 0x0 length 46
 dst 02:1d:4f:fb:fb:a3  src 4c:6d:58:4c:37:d8
 [AC-name CDU-BRAS-1] [host-uniq 03 01 00 00] [service-name] [AC-cookie 66 cf 6e 2e 30 5d 96 8b 51 f0 15 b5 9a 9d ce ec]
Send PPPOE Discovery V1T1 PADR session 0x0 length 32
 dst 4c:6d:58:4c:37:d8  src 02:1d:4f:fb:fb:a3
 [service-name] [host-uniq 03 01 00 00] [AC-cookie 66 cf 6e 2e 30 5d 96 8b 51 f0 15 b5 9a 9d ce ec]
Recv PPPOE Discovery V1T1 PADS session 0xf0 length 46
 dst 02:1d:4f:fb:fb:a3  src 4c:6d:58:4c:37:d8
 [service-name] [host-uniq 03 01 00 00] [AC-name CDU-BRAS-1] [AC-cookie 66 cf 6e 2e 30 5d 96 8b 51 f0 15 b5 9a 9d ce ec]
PPP session is 240
Connected to 4C:6D:58:4C:37:D8 via interface enp3s0
using channel 23
Using interface ppp0
Connect: ppp0 <--> enp3s0
sent [LCP ConfReq id=0x1 <mru 1492> <magic 0x504d4a08>]
rcvd [LCP ConfReq id=0x26 <mru 1492> <auth pap> <magic 0x1891d6e2>]
sent [LCP ConfAck id=0x26 <mru 1492> <auth pap> <magic 0x1891d6e2>]
rcvd [LCP ConfAck id=0x1 <mru 1492> <magic 0x504d4a08>]
sent [LCP EchoReq id=0x0 magic=0x504d4a08]
sent [PAP AuthReq id=0x1 user="scxy13908063548@cmccgx" password=<hidden>]
rcvd [LCP EchoRep id=0x0 magic=0x1891d6e2]
rcvd [PAP AuthNak id=0x1 "109026012|109020105|The subscriber is deregistered or the password is incorrect"]
Remote message: 109026012|109020105|The subscriber is deregistered or the password is incorrect
PAP authentication failed
sent [LCP TermReq id=0x2 "Failed to authenticate ourselves to peer"]
rcvd [LCP TermReq id=0x27]
sent [LCP TermAck id=0x27]
Modem hangup
Connection terminated.
Send PPPOE Discovery V1T1 PADT session 0xf0 length 28
 dst 4c:6d:58:4c:37:d8  src 02:1d:4f:fb:fb:a3
 [host-uniq 03 01 00 00] [AC-cookie 66 cf 6e 2e 30 5d 96 8b 51 f0 15 b5 9a 9d ce ec]
Sent PADT
