Send PPPOE Discovery V1T1 PADI session 0x0 length 12
 dst ff:ff:ff:ff:ff:ff  src 02:78:06:c9:80:df
 [service-name] [host-uniq 70 00 00 00]
Send PPPOE Discovery V1T1 PADI session 0x0 length 12
 dst ff:ff:ff:ff:ff:ff  src 02:78:06:c9:80:df
 [service-name] [host-uniq 70 00 00 00]
Recv PPPOE Discovery V1T1 PADO session 0x0 length 46
 dst 02:78:06:c9:80:df  src 4c:6d:58:4c:37:d8
 [AC-name CDU-BRAS-1] [host-uniq 70 00 00 00] [service-name] [AC-cookie cb 05 2e e2 6f 48 93 75 9f 6a 97 0d a7 11 ab f2]
Send PPPOE Discovery V1T1 PADR session 0x0 length 32
 dst 4c:6d:58:4c:37:d8  src 02:78:06:c9:80:df
 [service-name] [host-uniq 70 00 00 00] [AC-cookie cb 05 2e e2 6f 48 93 75 9f 6a 97 0d a7 11 ab f2]
Recv PPPOE Discovery V1T1 PADS session 0xe6 length 46
 dst 02:78:06:c9:80:df  src 4c:6d:58:4c:37:d8
 [service-name] [host-uniq 70 00 00 00] [AC-name CDU-BRAS-1] [AC-cookie cb 05 2e e2 6f 48 93 75 9f 6a 97 0d a7 11 ab f2]
PPP session is 230
Connected to 4C:6D:58:4C:37:D8 via interface enp3s0
using channel 21
Using interface ppp0
Connect: ppp0 <--> enp3s0
sent [LCP ConfReq id=0x1 <mru 1492> <magic 0xff4b82b5>]
rcvd [LCP ConfReq id=0x1e <mru 1492> <auth pap> <magic 0x62ac2865>]
sent [LCP ConfAck id=0x1e <mru 1492> <auth pap> <magic 0x62ac2865>]
rcvd [LCP ConfAck id=0x1 <mru 1492> <magic 0xff4b82b5>]
sent [LCP EchoReq id=0x0 magic=0xff4b82b5]
sent [PAP AuthReq id=0x1 user="13908063548@cmccgx" password=<hidden>]
rcvd [LCP EchoRep id=0x0 magic=0x62ac2865]
rcvd [PAP AuthNak id=0x1 "109026004|109020109|Reject by concurrency control."]
Remote message: 109026004|109020109|Reject by concurrency control.
PAP authentication failed
sent [LCP TermReq id=0x2 "Failed to authenticate ourselves to peer"]
rcvd [LCP TermReq id=0x1f]
sent [LCP TermAck id=0x1f]
Modem hangup
Connection terminated.
Send PPPOE Discovery V1T1 PADT session 0xe6 length 28
 dst 4c:6d:58:4c:37:d8  src 02:78:06:c9:80:df
 [host-uniq 70 00 00 00] [AC-cookie cb 05 2e e2 6f 48 93 75 9f 6a 97 0d a7 11 ab f2]
Sent PADT
