Send PPPOE Discovery V1T1 PADI session 0x0 length 12
 dst ff:ff:ff:ff:ff:ff  src 02:11:ed:67:a8:70
 [service-name] [host-uniq 7d 00 00 00]
Send PPPOE Discovery V1T1 PADI session 0x0 length 12
 dst ff:ff:ff:ff:ff:ff  src 02:11:ed:67:a8:70
 [service-name] [host-uniq 7d 00 00 00]
Recv PPPOE Discovery V1T1 PADO session 0x0 length 46
 dst 02:11:ed:67:a8:70  src 4c:6d:58:4c:37:d8
 [AC-name CDU-BRAS-1] [host-uniq 7d 00 00 00] [service-name] [AC-cookie 77 04 b1 95 44 62 8f b8 3e db 91 32 e0 43 71 a2]
Send PPPOE Discovery V1T1 PADR session 0x0 length 32
 dst 4c:6d:58:4c:37:d8  src 02:11:ed:67:a8:70
 [service-name] [host-uniq 7d 00 00 00] [AC-cookie 77 04 b1 95 44 62 8f b8 3e db 91 32 e0 43 71 a2]
Recv PPPOE Discovery V1T1 PADS session 0x10b length 46
 dst 02:11:ed:67:a8:70  src 4c:6d:58:4c:37:d8
 [service-name] [host-uniq 7d 00 00 00] [AC-name CDU-BRAS-1] [AC-cookie 77 04 b1 95 44 62 8f b8 3e db 91 32 e0 43 71 a2]
PPP session is 267
Connected to 4C:6D:58:4C:37:D8 via interface enp3s0
using channel 29
Using interface ppp0
Connect: ppp0 <--> enp3s0
sent [LCP ConfReq id=0x1 <mru 1492> <magic 0xd5583304>]
rcvd [LCP ConfReq id=0x54 <mru 1492> <auth pap> <magic 0xdc1c7cf>]
sent [LCP ConfAck id=0x54 <mru 1492> <auth pap> <magic 0xdc1c7cf>]
rcvd [LCP ConfAck id=0x1 <mru 1492> <magic 0xd5583304>]
sent [LCP EchoReq id=0x0 magic=0xd5583304]
sent [PAP AuthReq id=0x1 user="13908063548@cdu" password=<hidden>]
rcvd [LCP EchoRep id=0x0 magic=0xdc1c7cf]
rcvd [PAP AuthNak id=0x1 ""]
PAP authentication failed
sent [LCP TermReq id=0x2 "Failed to authenticate ourselves to peer"]
rcvd [LCP TermReq id=0x55]
sent [LCP TermAck id=0x55]
Modem hangup
Connection terminated.
Send PPPOE Discovery V1T1 PADT session 0x10b length 28
 dst 4c:6d:58:4c:37:d8  src 02:11:ed:67:a8:70
 [host-uniq 7d 00 00 00] [AC-cookie 77 04 b1 95 44 62 8f b8 3e db 91 32 e0 43 71 a2]
Sent PADT
