Send PPPOE Discovery V1T1 PADI session 0x0 length 12
 dst ff:ff:ff:ff:ff:ff  src 02:46:a5:b3:61:f3
 [service-name] [host-uniq 94 03 00 00]
Send PPPOE Discovery V1T1 PADI session 0x0 length 12
 dst ff:ff:ff:ff:ff:ff  src 02:46:a5:b3:61:f3
 [service-name] [host-uniq 94 03 00 00]
Recv PPPOE Discovery V1T1 PADO session 0x0 length 46
 dst 02:46:a5:b3:61:f3  src 4c:6d:58:4c:37:d8
 [AC-name CDU-BRAS-1] [host-uniq 94 03 00 00] [service-name] [AC-cookie a5 65 22 19 4b 48 2e 27 2e aa eb cb bd cf 97 13]
Send PPPOE Discovery V1T1 PADR session 0x0 length 32
 dst 4c:6d:58:4c:37:d8  src 02:46:a5:b3:61:f3
 [service-name] [host-uniq 94 03 00 00] [AC-cookie a5 65 22 19 4b 48 2e 27 2e aa eb cb bd cf 97 13]
Recv PPPOE Discovery V1T1 PADS session 0x1a7 length 46
 dst 02:46:a5:b3:61:f3  src 4c:6d:58:4c:37:d8
 [service-name] [host-uniq 94 03 00 00] [AC-name CDU-BRAS-1] [AC-cookie a5 65 22 19 4b 48 2e 27 2e aa eb cb bd cf 97 13]
PPP session is 423
Connected to 4C:6D:58:4C:37:D8 via interface enp6s0
using channel 45
Using interface ppp0
Connect: ppp0 <--> enp6s0
sent [LCP ConfReq id=0x1 <mru 1492> <magic 0xa31ee9d2>]
rcvd [LCP ConfReq id=0xfc <mru 1492> <auth pap> <magic 0x174c1d4d>]
sent [LCP ConfAck id=0xfc <mru 1492> <auth pap> <magic 0x174c1d4d>]
rcvd [LCP ConfAck id=0x1 <mru 1492> <magic 0xa31ee9d2>]
sent [LCP EchoReq id=0x0 magic=0xa31ee9d2]
sent [PAP AuthReq id=0x1 user="13908063548@cmccgx" password=<hidden>]
rcvd [LCP EchoRep id=0x0 magic=0x174c1d4d]
rcvd [PAP AuthNak id=0x1 "109026004|109020109|Reject by concurrency control."]
Remote message: 109026004|109020109|Reject by concurrency control.
PAP authentication failed
sent [LCP TermReq id=0x2 "Failed to authenticate ourselves to peer"]
rcvd [LCP TermReq id=0xfd]
sent [LCP TermAck id=0xfd]
Modem hangup
Connection terminated.
Send PPPOE Discovery V1T1 PADT session 0x1a7 length 28
 dst 4c:6d:58:4c:37:d8  src 02:46:a5:b3:61:f3
 [host-uniq 94 03 00 00] [AC-cookie a5 65 22 19 4b 48 2e 27 2e aa eb cb bd cf 97 13]
Sent PADT
