Send PPPOE Discovery V1T1 PADI session 0x0 length 12
 dst ff:ff:ff:ff:ff:ff  src 02:6d:ab:bd:cb:91
 [service-name] [host-uniq 36 04 00 00]
Send PPPOE Discovery V1T1 PADI session 0x0 length 12
 dst ff:ff:ff:ff:ff:ff  src 02:6d:ab:bd:cb:91
 [service-name] [host-uniq 36 04 00 00]
Recv PPPOE Discovery V1T1 PADO session 0x0 length 46
 dst 02:6d:ab:bd:cb:91  src 4c:6d:58:4c:37:d8
 [AC-name CDU-BRAS-1] [host-uniq 36 04 00 00] [service-name] [AC-cookie 85 e6 8b 46 d4 3c bd 12 eb 51 7a a9 be ac f7 4c]
Send PPPOE Discovery V1T1 PADR session 0x0 length 32
 dst 4c:6d:58:4c:37:d8  src 02:6d:ab:bd:cb:91
 [service-name] [host-uniq 36 04 00 00] [AC-cookie 85 e6 8b 46 d4 3c bd 12 eb 51 7a a9 be ac f7 4c]
Recv PPPOE Discovery V1T1 PADS session 0x1fe length 46
 dst 02:6d:ab:bd:cb:91  src 4c:6d:58:4c:37:d8
 [service-name] [host-uniq 36 04 00 00] [AC-name CDU-BRAS-1] [AC-cookie 85 e6 8b 46 d4 3c bd 12 eb 51 7a a9 be ac f7 4c]
PPP session is 510
Connected to 4C:6D:58:4C:37:D8 via interface enp3s0
using channel 5
Using interface ppp0
Connect: ppp0 <--> enp3s0
sent [LCP ConfReq id=0x1 <mru 1492> <magic 0xdc15acf5>]
rcvd [LCP ConfReq id=0xf2 <mru 1492> <auth pap> <magic 0x6ae5b49d>]
sent [LCP ConfAck id=0xf2 <mru 1492> <auth pap> <magic 0x6ae5b49d>]
rcvd [LCP ConfAck id=0x1 <mru 1492> <magic 0xdc15acf5>]
sent [LCP EchoReq id=0x0 magic=0xdc15acf5]
sent [PAP AuthReq id=0x1 user="13908063548@cmccgx@cdu" password=<hidden>]
rcvd [LCP EchoRep id=0x0 magic=0x6ae5b49d]
rcvd [PAP AuthNak id=0x1 ""]
PAP authentication failed
sent [LCP TermReq id=0x2 "Failed to authenticate ourselves to peer"]
rcvd [LCP TermReq id=0xf3]
sent [LCP TermAck id=0xf3]
Modem hangup
Connection terminated.
Send PPPOE Discovery V1T1 PADT session 0x1fe length 28
 dst 4c:6d:58:4c:37:d8  src 02:6d:ab:bd:cb:91
 [host-uniq 36 04 00 00] [AC-cookie 85 e6 8b 46 d4 3c bd 12 eb 51 7a a9 be ac f7 4c]
Sent PADT
