Send PPPOE Discovery V1T1 PADI session 0x0 length 12
 dst ff:ff:ff:ff:ff:ff  src 02:61:90:c5:17:8c
 [service-name] [host-uniq 35 00 00 00]
Send PPPOE Discovery V1T1 PADI session 0x0 length 12
 dst ff:ff:ff:ff:ff:ff  src 02:61:90:c5:17:8c
 [service-name] [host-uniq 35 00 00 00]
Recv PPPOE Discovery V1T1 PADO session 0x0 length 46
 dst 02:61:90:c5:17:8c  src 4c:6d:58:4c:37:d8
 [AC-name CDU-BRAS-1] [host-uniq 35 00 00 00] [service-name] [AC-cookie b0 e2 5e ba e1 40 ce 08 0a f2 df 24 a6 a7 2f 24]
Send PPPOE Discovery V1T1 PADR session 0x0 length 32
 dst 4c:6d:58:4c:37:d8  src 02:61:90:c5:17:8c
 [service-name] [host-uniq 35 00 00 00] [AC-cookie b0 e2 5e ba e1 40 ce 08 0a f2 df 24 a6 a7 2f 24]
Recv PPPOE Discovery V1T1 PADS session 0x3a length 46
 dst 02:61:90:c5:17:8c  src 4c:6d:58:4c:37:d8
 [service-name] [host-uniq 35 00 00 00] [AC-name CDU-BRAS-1] [AC-cookie b0 e2 5e ba e1 40 ce 08 0a f2 df 24 a6 a7 2f 24]
PPP session is 58
Connected to 4C:6D:58:4C:37:D8 via interface enp3s0
using channel 26
Using interface ppp0
Connect: ppp0 <--> enp3s0
sent [LCP ConfReq id=0x1 <mru 1492> <magic 0x7c66822a>]
rcvd [LCP ConfReq id=0x60 <mru 1492> <auth pap> <magic 0x2f614bf8>]
sent [LCP ConfAck id=0x60 <mru 1492> <auth pap> <magic 0x2f614bf8>]
rcvd [LCP ConfAck id=0x1 <mru 1492> <magic 0x7c66822a>]
sent [LCP EchoReq id=0x0 magic=0x7c66822a]
sent [PAP AuthReq id=0x1 user="13908063548@cdu" password=<hidden>]
rcvd [LCP EchoRep id=0x0 magic=0x2f614bf8]
rcvd [PAP AuthNak id=0x1 ""]
PAP authentication failed
sent [LCP TermReq id=0x2 "Failed to authenticate ourselves to peer"]
rcvd [LCP TermReq id=0x61]
sent [LCP TermAck id=0x61]
Modem hangup
Connection terminated.
Send PPPOE Discovery V1T1 PADT session 0x3a length 28
 dst 4c:6d:58:4c:37:d8  src 02:61:90:c5:17:8c
 [host-uniq 35 00 00 00] [AC-cookie b0 e2 5e ba e1 40 ce 08 0a f2 df 24 a6 a7 2f 24]
Sent PADT
