Send PPPOE Discovery V1T1 PADI session 0x0 length 12
 dst ff:ff:ff:ff:ff:ff  src 02:11:6b:a1:e5:e5
 [service-name] [host-uniq 58 01 00 00]
Send PPPOE Discovery V1T1 PADI session 0x0 length 12
 dst ff:ff:ff:ff:ff:ff  src 02:11:6b:a1:e5:e5
 [service-name] [host-uniq 58 01 00 00]
Recv PPPOE Discovery V1T1 PADO session 0x0 length 46
 dst 02:11:6b:a1:e5:e5  src 4c:6d:58:4c:37:d8
 [AC-name CDU-BRAS-1] [host-uniq 58 01 00 00] [service-name] [AC-cookie df e5 31 23 de 5c b2 ba e6 68 4a 83 4e ef 89 38]
Send PPPOE Discovery V1T1 PADR session 0x0 length 32
 dst 4c:6d:58:4c:37:d8  src 02:11:6b:a1:e5:e5
 [service-name] [host-uniq 58 01 00 00] [AC-cookie df e5 31 23 de 5c b2 ba e6 68 4a 83 4e ef 89 38]
Recv PPPOE Discovery V1T1 PADS session 0x50 length 46
 dst 02:11:6b:a1:e5:e5  src 4c:6d:58:4c:37:d8
 [service-name] [host-uniq 58 01 00 00] [AC-name CDU-BRAS-1] [AC-cookie df e5 31 23 de 5c b2 ba e6 68 4a 83 4e ef 89 38]
PPP session is 80
Connected to 4C:6D:58:4C:37:D8 via interface enp3s0
using channel 9
Using interface ppp0
Connect: ppp0 <--> enp3s0
sent [LCP ConfReq id=0x1 <mru 1492> <magic 0x96e147c1>]
rcvd [LCP ConfReq id=0x68 <mru 1492> <auth pap> <magic 0x1e8854dd>]
sent [LCP ConfAck id=0x68 <mru 1492> <auth pap> <magic 0x1e8854dd>]
rcvd [LCP ConfAck id=0x1 <mru 1492> <magic 0x96e147c1>]
sent [LCP EchoReq id=0x0 magic=0x96e147c1]
sent [PAP AuthReq id=0x1 user="cddxtest@96301" password=<hidden>]
rcvd [LCP EchoRep id=0x0 magic=0x1e8854dd]
rcvd [PAP AuthNak id=0x1 "user password error."]
Remote message: user password error.
PAP authentication failed
sent [LCP TermReq id=0x2 "Failed to authenticate ourselves to peer"]
rcvd [LCP TermReq id=0x69]
sent [LCP TermAck id=0x69]
Modem hangup
Connection terminated.
Send PPPOE Discovery V1T1 PADT session 0x50 length 28
 dst 4c:6d:58:4c:37:d8  src 02:11:6b:a1:e5:e5
 [host-uniq 58 01 00 00] [AC-cookie df e5 31 23 de 5c b2 ba e6 68 4a 83 4e ef 89 38]
Sent PADT
