Send PPPOE Discovery V1T1 PADI session 0x0 length 12
 dst ff:ff:ff:ff:ff:ff  src 02:15:05:17:60:9f
 [service-name] [host-uniq 1d 01 00 00]
Send PPPOE Discovery V1T1 PADI session 0x0 length 12
 dst ff:ff:ff:ff:ff:ff  src 02:15:05:17:60:9f
 [service-name] [host-uniq 1d 01 00 00]
Recv PPPOE Discovery V1T1 PADO session 0x0 length 46
 dst 02:15:05:17:60:9f  src 4c:6d:58:4c:37:d8
 [AC-name CDU-BRAS-1] [host-uniq 1d 01 00 00] [service-name] [AC-cookie 27 df 0d 96 3b 1d fe f4 f6 d6 17 94 68 f0 9a 7f]
Send PPPOE Discovery V1T1 PADR session 0x0 length 32
 dst 4c:6d:58:4c:37:d8  src 02:15:05:17:60:9f
 [service-name] [host-uniq 1d 01 00 00] [AC-cookie 27 df 0d 96 3b 1d fe f4 f6 d6 17 94 68 f0 9a 7f]
Recv PPPOE Discovery V1T1 PADS session 0xa1 length 46
 dst 02:15:05:17:60:9f  src 4c:6d:58:4c:37:d8
 [service-name] [host-uniq 1d 01 00 00] [AC-name CDU-BRAS-1] [AC-cookie 27 df 0d 96 3b 1d fe f4 f6 d6 17 94 68 f0 9a 7f]
PPP session is 161
Connected to 4C:6D:58:4C:37:D8 via interface enp3s0
using channel 17
Using interface ppp0
Connect: ppp0 <--> enp3s0
sent [LCP ConfReq id=0x1 <mru 1492> <magic 0x8c7123d0>]
rcvd [LCP ConfReq id=0xdd <mru 1492> <auth pap> <magic 0xcdf85a2>]
sent [LCP ConfAck id=0xdd <mru 1492> <auth pap> <magic 0xcdf85a2>]
rcvd [LCP ConfAck id=0x1 <mru 1492> <magic 0x8c7123d0>]
sent [LCP EchoReq id=0x0 magic=0x8c7123d0]
sent [PAP AuthReq id=0x1 user="13908063548@96301" password=<hidden>]
rcvd [LCP EchoRep id=0x0 magic=0xcdf85a2]
rcvd [PAP AuthNak id=0x1 "can't find user."]
Remote message: can't find user.
PAP authentication failed
sent [LCP TermReq id=0x2 "Failed to authenticate ourselves to peer"]
rcvd [LCP TermReq id=0xde]
sent [LCP TermAck id=0xde]
Modem hangup
Connection terminated.
Send PPPOE Discovery V1T1 PADT session 0xa1 length 28
 dst 4c:6d:58:4c:37:d8  src 02:15:05:17:60:9f
 [host-uniq 1d 01 00 00] [AC-cookie 27 df 0d 96 3b 1d fe f4 f6 d6 17 94 68 f0 9a 7f]
Sent PADT
