Send PPPOE Discovery V1T1 PADI session 0x0 length 12
 dst ff:ff:ff:ff:ff:ff  src 02:17:6b:4c:3c:1a
 [service-name] [host-uniq 92 00 00 00]
Send PPPOE Discovery V1T1 PADI session 0x0 length 12
 dst ff:ff:ff:ff:ff:ff  src 02:17:6b:4c:3c:1a
 [service-name] [host-uniq 92 00 00 00]
Recv PPPOE Discovery V1T1 PADO session 0x0 length 46
 dst 02:17:6b:4c:3c:1a  src 4c:6d:58:4c:37:d8
 [AC-name CDU-BRAS-1] [host-uniq 92 00 00 00] [service-name] [AC-cookie 66 99 33 d7 b0 f7 5f 09 13 f2 6f 0b b3 50 e4 00]
Send PPPOE Discovery V1T1 PADR session 0x0 length 32
 dst 4c:6d:58:4c:37:d8  src 02:17:6b:4c:3c:1a
 [service-name] [host-uniq 92 00 00 00] [AC-cookie 66 99 33 d7 b0 f7 5f 09 13 f2 6f 0b b3 50 e4 00]
Recv PPPOE Discovery V1T1 PADS session 0xa1 length 46
 dst 02:17:6b:4c:3c:1a  src 4c:6d:58:4c:37:d8
 [service-name] [host-uniq 92 00 00 00] [AC-name CDU-BRAS-1] [AC-cookie 66 99 33 d7 b0 f7 5f 09 13 f2 6f 0b b3 50 e4 00]
PPP session is 161
Connected to 4C:6D:58:4C:37:D8 via interface enp3s0
using channel 15
Using interface ppp0
Connect: ppp0 <--> enp3s0
sent [LCP ConfReq id=0x1 <mru 1492> <magic 0x5de6a52>]
rcvd [LCP ConfReq id=0x6e <mru 1492> <auth pap> <magic 0x5bb4d817>]
sent [LCP ConfAck id=0x6e <mru 1492> <auth pap> <magic 0x5bb4d817>]
rcvd [LCP ConfAck id=0x1 <mru 1492> <magic 0x5de6a52>]
sent [LCP EchoReq id=0x0 magic=0x5de6a52]
sent [PAP AuthReq id=0x1 user="scxy13908063548@cmccgx" password=<hidden>]
rcvd [LCP EchoRep id=0x0 magic=0x5bb4d817]
rcvd [PAP AuthNak id=0x1 "109026012|109020105|The subscriber is deregistered or the password is incorrect"]
Remote message: 109026012|109020105|The subscriber is deregistered or the password is incorrect
PAP authentication failed
sent [LCP TermReq id=0x2 "Failed to authenticate ourselves to peer"]
rcvd [LCP TermReq id=0x6f]
sent [LCP TermAck id=0x6f]
Modem hangup
Connection terminated.
Send PPPOE Discovery V1T1 PADT session 0xa1 length 28
 dst 4c:6d:58:4c:37:d8  src 02:17:6b:4c:3c:1a
 [host-uniq 92 00 00 00] [AC-cookie 66 99 33 d7 b0 f7 5f 09 13 f2 6f 0b b3 50 e4 00]
Sent PADT
