Send PPPOE Discovery V1T1 PADI session 0x0 length 12
 dst ff:ff:ff:ff:ff:ff  src 02:59:3e:b7:e7:f4
 [service-name] [host-uniq 68 00 00 00]
Recv PPPOE Discovery V1T1 PADO session 0x0 length 46
 dst 02:59:3e:b7:e7:f4  src 4c:6d:58:4c:37:d8
 [AC-name CDU-BRAS-1] [host-uniq 68 00 00 00] [service-name] [AC-cookie 35 47 a3 0b 2f cb 5a c3 1c 90 c3 1e 3e 58 ee bd]
Send PPPOE Discovery V1T1 PADR session 0x0 length 32
 dst 4c:6d:58:4c:37:d8  src 02:59:3e:b7:e7:f4
 [service-name] [host-uniq 68 00 00 00] [AC-cookie 35 47 a3 0b 2f cb 5a c3 1c 90 c3 1e 3e 58 ee bd]
Recv PPPOE Discovery V1T1 PADS session 0xbf length 46
 dst 02:59:3e:b7:e7:f4  src 4c:6d:58:4c:37:d8
 [service-name] [host-uniq 68 00 00 00] [AC-name CDU-BRAS-1] [AC-cookie 35 47 a3 0b 2f cb 5a c3 1c 90 c3 1e 3e 58 ee bd]
PPP session is 191
Connected to 4C:6D:58:4C:37:D8 via interface enp7s0.2001
using channel 1
Using interface ppp0
Connect: ppp0 <--> enp7s0.2001
sent [LCP ConfReq id=0x1 <mru 1492> <magic 0x5dd8faac>]
rcvd [LCP ConfReq id=0x49 <mru 1492> <auth pap> <magic 0x567338a3>]
sent [LCP ConfAck id=0x49 <mru 1492> <auth pap> <magic 0x567338a3>]
rcvd [LCP ConfAck id=0x1 <mru 1492> <magic 0x5dd8faac>]
sent [LCP EchoReq id=0x0 magic=0x5dd8faac]
sent [PAP AuthReq id=0x1 user="13908063548@cmccgx" password=<hidden>]
rcvd [LCP EchoRep id=0x0 magic=0x567338a3]
rcvd [PAP AuthNak id=0x1 "109026004|109020109|Reject by concurrency control."]
Remote message: 109026004|109020109|Reject by concurrency control.
PAP authentication failed
sent [LCP TermReq id=0x2 "Failed to authenticate ourselves to peer"]
rcvd [LCP TermReq id=0x4a]
sent [LCP TermAck id=0x4a]
Modem hangup
Connection terminated.
Send PPPOE Discovery V1T1 PADT session 0xbf length 28
 dst 4c:6d:58:4c:37:d8  src 02:59:3e:b7:e7:f4
 [host-uniq 68 00 00 00] [AC-cookie 35 47 a3 0b 2f cb 5a c3 1c 90 c3 1e 3e 58 ee bd]
Sent PADT
