Send PPPOE Discovery V1T1 PADI session 0x0 length 12
 dst ff:ff:ff:ff:ff:ff  src 02:36:e3:75:b5:aa
 [service-name] [host-uniq 32 00 00 00]
Send PPPOE Discovery V1T1 PADI session 0x0 length 12
 dst ff:ff:ff:ff:ff:ff  src 02:36:e3:75:b5:aa
 [service-name] [host-uniq 32 00 00 00]
Recv PPPOE Discovery V1T1 PADO session 0x0 length 46
 dst 02:36:e3:75:b5:aa  src 4c:6d:58:4c:37:d8
 [AC-name CDU-BRAS-1] [host-uniq 32 00 00 00] [service-name] [AC-cookie c5 dc ed 71 99 5d ff 42 c3 be 32 9b d0 de 02 f9]
Send PPPOE Discovery V1T1 PADR session 0x0 length 32
 dst 4c:6d:58:4c:37:d8  src 02:36:e3:75:b5:aa
 [service-name] [host-uniq 32 00 00 00] [AC-cookie c5 dc ed 71 99 5d ff 42 c3 be 32 9b d0 de 02 f9]
Recv PPPOE Discovery V1T1 PADS session 0x145 length 46
 dst 02:36:e3:75:b5:aa  src 4c:6d:58:4c:37:d8
 [service-name] [host-uniq 32 00 00 00] [AC-name CDU-BRAS-1] [AC-cookie c5 dc ed 71 99 5d ff 42 c3 be 32 9b d0 de 02 f9]
PPP session is 325
Connected to 4C:6D:58:4C:37:D8 via interface enp3s0
using channel 30
Using interface ppp0
Connect: ppp0 <--> enp3s0
sent [LCP ConfReq id=0x1 <mru 1492> <magic 0x9c7b3c05>]
rcvd [LCP ConfReq id=0x39 <mru 1492> <auth pap> <magic 0x497c6d8b>]
sent [LCP ConfAck id=0x39 <mru 1492> <auth pap> <magic 0x497c6d8b>]
rcvd [LCP ConfAck id=0x1 <mru 1492> <magic 0x9c7b3c05>]
sent [LCP EchoReq id=0x0 magic=0x9c7b3c05]
sent [PAP AuthReq id=0x1 user="2021001@cdu" password=<hidden>]
rcvd [LCP EchoRep id=0x0 magic=0x497c6d8b]
rcvd [PAP AuthNak id=0x1 ""]
PAP authentication failed
sent [LCP TermReq id=0x2 "Failed to authenticate ourselves to peer"]
rcvd [LCP TermReq id=0x3a]
sent [LCP TermAck id=0x3a]
Modem hangup
Connection terminated.
Send PPPOE Discovery V1T1 PADT session 0x145 length 28
 dst 4c:6d:58:4c:37:d8  src 02:36:e3:75:b5:aa
 [host-uniq 32 00 00 00] [AC-cookie c5 dc ed 71 99 5d ff 42 c3 be 32 9b d0 de 02 f9]
Sent PADT
