Send PPPOE Discovery V1T1 PADI session 0x0 length 12
 dst ff:ff:ff:ff:ff:ff  src 02:1f:3b:82:6e:82
 [service-name] [host-uniq 18 03 00 00]
Send PPPOE Discovery V1T1 PADI session 0x0 length 12
 dst ff:ff:ff:ff:ff:ff  src 02:1f:3b:82:6e:82
 [service-name] [host-uniq 18 03 00 00]
Recv PPPOE Discovery V1T1 PADO session 0x0 length 46
 dst 02:1f:3b:82:6e:82  src 4c:6d:58:4c:37:d8
 [AC-name CDU-BRAS-1] [host-uniq 18 03 00 00] [service-name] [AC-cookie 25 82 53 bf 89 72 92 d4 c9 81 ea 06 c4 a0 3a 65]
Send PPPOE Discovery V1T1 PADR session 0x0 length 32
 dst 4c:6d:58:4c:37:d8  src 02:1f:3b:82:6e:82
 [service-name] [host-uniq 18 03 00 00] [AC-cookie 25 82 53 bf 89 72 92 d4 c9 81 ea 06 c4 a0 3a 65]
Recv PPPOE Discovery V1T1 PADS session 0x159 length 46
 dst 02:1f:3b:82:6e:82  src 4c:6d:58:4c:37:d8
 [service-name] [host-uniq 18 03 00 00] [AC-name CDU-BRAS-1] [AC-cookie 25 82 53 bf 89 72 92 d4 c9 81 ea 06 c4 a0 3a 65]
PPP session is 345
Connected to 4C:6D:58:4C:37:D8 via interface enp6s0
using channel 43
Using interface ppp0
Connect: ppp0 <--> enp6s0
sent [LCP ConfReq id=0x1 <mru 1492> <magic 0xb155ab53>]
rcvd [LCP ConfReq id=0x16 <mru 1492> <auth pap> <magic 0x117f827>]
sent [LCP ConfAck id=0x16 <mru 1492> <auth pap> <magic 0x117f827>]
rcvd [LCP ConfAck id=0x1 <mru 1492> <magic 0xb155ab53>]
sent [LCP EchoReq id=0x0 magic=0xb155ab53]
sent [PAP AuthReq id=0x1 user="W18608001027@cdu" password=<hidden>]
rcvd [LCP EchoRep id=0x0 magic=0x117f827]
rcvd [PAP AuthNak id=0x1 ""]
PAP authentication failed
sent [LCP TermReq id=0x2 "Failed to authenticate ourselves to peer"]
rcvd [LCP TermReq id=0x17]
sent [LCP TermAck id=0x17]
Modem hangup
Connection terminated.
Send PPPOE Discovery V1T1 PADT session 0x159 length 28
 dst 4c:6d:58:4c:37:d8  src 02:1f:3b:82:6e:82
 [host-uniq 18 03 00 00] [AC-cookie 25 82 53 bf 89 72 92 d4 c9 81 ea 06 c4 a0 3a 65]
Sent PADT
