Send PPPOE Discovery V1T1 PADI session 0x0 length 12
 dst ff:ff:ff:ff:ff:ff  src 02:78:72:82:a7:1c
 [service-name] [host-uniq cc 00 00 00]
Send PPPOE Discovery V1T1 PADI session 0x0 length 12
 dst ff:ff:ff:ff:ff:ff  src 02:78:72:82:a7:1c
 [service-name] [host-uniq cc 00 00 00]
Recv PPPOE Discovery V1T1 PADO session 0x0 length 46
 dst 02:78:72:82:a7:1c  src 4c:6d:58:4c:37:d8
 [AC-name CDU-BRAS-1] [host-uniq cc 00 00 00] [service-name] [AC-cookie 36 e5 d8 92 a6 05 32 c2 0f dd 9c 65 a2 c4 1e fd]
Send PPPOE Discovery V1T1 PADR session 0x0 length 32
 dst 4c:6d:58:4c:37:d8  src 02:78:72:82:a7:1c
 [service-name] [host-uniq cc 00 00 00] [AC-cookie 36 e5 d8 92 a6 05 32 c2 0f dd 9c 65 a2 c4 1e fd]
Recv PPPOE Discovery V1T1 PADS session 0xf0 length 46
 dst 02:78:72:82:a7:1c  src 4c:6d:58:4c:37:d8
 [service-name] [host-uniq cc 00 00 00] [AC-name CDU-BRAS-1] [AC-cookie 36 e5 d8 92 a6 05 32 c2 0f dd 9c 65 a2 c4 1e fd]
PPP session is 240
Connected to 4C:6D:58:4C:37:D8 via interface enp3s0
using channel 22
Using interface ppp0
Connect: ppp0 <--> enp3s0
sent [LCP ConfReq id=0x1 <mru 1492> <magic 0xfd28d69a>]
rcvd [LCP ConfReq id=0x99 <mru 1492> <auth pap> <magic 0x10879f5b>]
sent [LCP ConfAck id=0x99 <mru 1492> <auth pap> <magic 0x10879f5b>]
rcvd [LCP ConfAck id=0x1 <mru 1492> <magic 0xfd28d69a>]
sent [LCP EchoReq id=0x0 magic=0xfd28d69a]
sent [PAP AuthReq id=0x1 user="13908063548@cmccgx" password=<hidden>]
rcvd [LCP EchoRep id=0x0 magic=0x10879f5b]
rcvd [PAP AuthNak id=0x1 "109026004|109020109|Reject by concurrency control."]
Remote message: 109026004|109020109|Reject by concurrency control.
PAP authentication failed
sent [LCP TermReq id=0x2 "Failed to authenticate ourselves to peer"]
rcvd [LCP TermReq id=0x9a]
sent [LCP TermAck id=0x9a]
Modem hangup
Connection terminated.
Send PPPOE Discovery V1T1 PADT session 0xf0 length 28
 dst 4c:6d:58:4c:37:d8  src 02:78:72:82:a7:1c
 [host-uniq cc 00 00 00] [AC-cookie 36 e5 d8 92 a6 05 32 c2 0f dd 9c 65 a2 c4 1e fd]
Sent PADT
