Send PPPOE Discovery V1T1 PADI session 0x0 length 12
 dst ff:ff:ff:ff:ff:ff  src 02:04:99:3e:97:2a
 [service-name] [host-uniq 61 00 00 00]
Send PPPOE Discovery V1T1 PADI session 0x0 length 12
 dst ff:ff:ff:ff:ff:ff  src 02:04:99:3e:97:2a
 [service-name] [host-uniq 61 00 00 00]
Recv PPPOE Discovery V1T1 PADO session 0x0 length 46
 dst 02:04:99:3e:97:2a  src 4c:6d:58:4c:37:d8
 [AC-name CDU-BRAS-1] [host-uniq 61 00 00 00] [service-name] [AC-cookie 86 24 8b ec e6 ba 2d d2 90 3a 8f f7 53 d1 3b 6c]
Send PPPOE Discovery V1T1 PADR session 0x0 length 32
 dst 4c:6d:58:4c:37:d8  src 02:04:99:3e:97:2a
 [service-name] [host-uniq 61 00 00 00] [AC-cookie 86 24 8b ec e6 ba 2d d2 90 3a 8f f7 53 d1 3b 6c]
Recv PPPOE Discovery V1T1 PADS session 0xfe length 46
 dst 02:04:99:3e:97:2a  src 4c:6d:58:4c:37:d8
 [service-name] [host-uniq 61 00 00 00] [AC-name CDU-BRAS-1] [AC-cookie 86 24 8b ec e6 ba 2d d2 90 3a 8f f7 53 d1 3b 6c]
PPP session is 254
Connected to 4C:6D:58:4C:37:D8 via interface enp5s0
using channel 97
Using interface ppp0
Connect: ppp0 <--> enp5s0
sent [LCP ConfReq id=0x1 <mru 1492> <magic 0xe9b720af>]
rcvd [LCP ConfReq id=0xa9 <mru 1492> <auth pap> <magic 0x2da9a338>]
sent [LCP ConfAck id=0xa9 <mru 1492> <auth pap> <magic 0x2da9a338>]
rcvd [LCP ConfAck id=0x1 <mru 1492> <magic 0xe9b720af>]
sent [LCP EchoReq id=0x0 magic=0xe9b720af]
sent [PAP AuthReq id=0x1 user="13908063548@cmccgx" password=<hidden>]
rcvd [LCP EchoRep id=0x0 magic=0x2da9a338]
rcvd [PAP AuthNak id=0x1 "109026004|109020109|Reject by concurrency control."]
Remote message: 109026004|109020109|Reject by concurrency control.
PAP authentication failed
sent [LCP TermReq id=0x2 "Failed to authenticate ourselves to peer"]
rcvd [LCP TermReq id=0xaa]
sent [LCP TermAck id=0xaa]
Modem hangup
Connection terminated.
Send PPPOE Discovery V1T1 PADT session 0xfe length 28
 dst 4c:6d:58:4c:37:d8  src 02:04:99:3e:97:2a
 [host-uniq 61 00 00 00] [AC-cookie 86 24 8b ec e6 ba 2d d2 90 3a 8f f7 53 d1 3b 6c]
Sent PADT
