Send PPPOE Discovery V1T1 PADI session 0x0 length 12
 dst ff:ff:ff:ff:ff:ff  src 02:5a:e1:f7:f5:a9
 [service-name] [host-uniq 70 05 00 00]
Recv PPPOE Discovery V1T1 PADO session 0x0 length 46
 dst 02:5a:e1:f7:f5:a9  src 4c:6d:58:4c:37:d8
 [AC-name CDU-BRAS-1] [host-uniq 70 05 00 00] [service-name] [AC-cookie c6 b5 45 93 b8 68 d4 c6 46 4f e9 3d 6f 27 66 b8]
Send PPPOE Discovery V1T1 PADR session 0x0 length 32
 dst 4c:6d:58:4c:37:d8  src 02:5a:e1:f7:f5:a9
 [service-name] [host-uniq 70 05 00 00] [AC-cookie c6 b5 45 93 b8 68 d4 c6 46 4f e9 3d 6f 27 66 b8]
Recv PPPOE Discovery V1T1 PADS session 0x51 length 46
 dst 02:5a:e1:f7:f5:a9  src 4c:6d:58:4c:37:d8
 [service-name] [host-uniq 70 05 00 00] [AC-name CDU-BRAS-1] [AC-cookie c6 b5 45 93 b8 68 d4 c6 46 4f e9 3d 6f 27 66 b8]
PPP session is 81
Connected to 4C:6D:58:4C:37:D8 via interface enp7s0.2008
using channel 152
Using interface ppp0
Connect: ppp0 <--> enp7s0.2008
sent [LCP ConfReq id=0x1 <mru 1492> <magic 0x120cd182>]
rcvd [LCP ConfAck id=0x1 <mru 1492> <magic 0x120cd182>]
Terminating on signal 15
sent [LCP TermReq id=0x2 "User request"]
Modem hangup
Connection terminated.
Send PPPOE Discovery V1T1 PADT session 0x51 length 28
 dst 4c:6d:58:4c:37:d8  src 02:5a:e1:f7:f5:a9
 [host-uniq 70 05 00 00] [AC-cookie c6 b5 45 93 b8 68 d4 c6 46 4f e9 3d 6f 27 66 b8]
Sent PADT
