Send PPPOE Discovery V1T1 PADI session 0x0 length 12
 dst ff:ff:ff:ff:ff:ff  src 02:77:b2:f8:a2:4f
 [service-name] [host-uniq 42 05 00 00]
Recv PPPOE Discovery V1T1 PADO session 0x0 length 46
 dst 02:77:b2:f8:a2:4f  src 4c:6d:58:4c:37:d8
 [AC-name CDU-BRAS-1] [host-uniq 42 05 00 00] [service-name] [AC-cookie f6 ce ed d6 3e 17 c3 f5 f4 86 79 53 70 f6 f7 17]
Send PPPOE Discovery V1T1 PADR session 0x0 length 32
 dst 4c:6d:58:4c:37:d8  src 02:77:b2:f8:a2:4f
 [service-name] [host-uniq 42 05 00 00] [AC-cookie f6 ce ed d6 3e 17 c3 f5 f4 86 79 53 70 f6 f7 17]
Recv PPPOE Discovery V1T1 PADS session 0x51 length 46
 dst 02:77:b2:f8:a2:4f  src 4c:6d:58:4c:37:d8
 [service-name] [host-uniq 42 05 00 00] [AC-name CDU-BRAS-1] [AC-cookie f6 ce ed d6 3e 17 c3 f5 f4 86 79 53 70 f6 f7 17]
PPP session is 81
Connected to 4C:6D:58:4C:37:D8 via interface enp7s0.2005
using channel 149
Using interface ppp0
Connect: ppp0 <--> enp7s0.2005
sent [LCP ConfReq id=0x1 <mru 1492> <magic 0x6561b1cb>]
rcvd [LCP ConfReq id=0xa4 <mru 1492> <auth pap> <magic 0x2b6a5d4d>]
sent [LCP ConfAck id=0xa4 <mru 1492> <auth pap> <magic 0x2b6a5d4d>]
rcvd [LCP ConfAck id=0x1 <mru 1492> <magic 0x6561b1cb>]
sent [LCP EchoReq id=0x0 magic=0x6561b1cb]
sent [PAP AuthReq id=0x1 user="18608001027@cdu" password=<hidden>]
rcvd [LCP EchoRep id=0x0 magic=0x2b6a5d4d]
Terminating on signal 15
sent [LCP TermReq id=0x2 "User request"]
rcvd [LCP TermAck id=0x2]
Connection terminated.
Send PPPOE Discovery V1T1 PADT session 0x51 length 28
 dst 4c:6d:58:4c:37:d8  src 02:77:b2:f8:a2:4f
 [host-uniq 42 05 00 00] [AC-cookie f6 ce ed d6 3e 17 c3 f5 f4 86 79 53 70 f6 f7 17]
Sent PADT
