Send PPPOE Discovery V1T1 PADI session 0x0 length 12
 dst ff:ff:ff:ff:ff:ff  src 02:13:66:54:7c:eb
 [service-name] [host-uniq 65 06 00 00]
Recv PPPOE Discovery V1T1 PADO session 0x0 length 46
 dst 02:13:66:54:7c:eb  src 4c:6d:58:4c:37:d8
 [AC-name CDU-BRAS-1] [host-uniq 65 06 00 00] [service-name] [AC-cookie 0b ec 9b 8f ec b3 0e 61 9a af 56 13 72 46 74 51]
Send PPPOE Discovery V1T1 PADR session 0x0 length 32
 dst 4c:6d:58:4c:37:d8  src 02:13:66:54:7c:eb
 [service-name] [host-uniq 65 06 00 00] [AC-cookie 0b ec 9b 8f ec b3 0e 61 9a af 56 13 72 46 74 51]
Recv PPPOE Discovery V1T1 PADS session 0x50 length 46
 dst 02:13:66:54:7c:eb  src 4c:6d:58:4c:37:d8
 [service-name] [host-uniq 65 06 00 00] [AC-name CDU-BRAS-1] [AC-cookie 0b ec 9b 8f ec b3 0e 61 9a af 56 13 72 46 74 51]
PPP session is 80
Connected to 4C:6D:58:4C:37:D8 via interface enp7s0.2008
using channel 159
Using interface ppp0
Connect: ppp0 <--> enp7s0.2008
sent [LCP ConfReq id=0x1 <mru 1492> <magic 0xc0445ff8>]
rcvd [LCP ConfReq id=0xad <mru 1492> <auth pap> <magic 0x2e14bdc6>]
sent [LCP ConfAck id=0xad <mru 1492> <auth pap> <magic 0x2e14bdc6>]
rcvd [LCP ConfAck id=0x1 <mru 1492> <magic 0xc0445ff8>]
sent [LCP EchoReq id=0x0 magic=0xc0445ff8]
sent [PAP AuthReq id=0x1 user="18608001027@cdu" password=<hidden>]
rcvd [LCP EchoRep id=0x0 magic=0x2e14bdc6]
Terminating on signal 15
sent [LCP TermReq id=0x2 "User request"]
rcvd [LCP TermAck id=0x2]
Connection terminated.
Send PPPOE Discovery V1T1 PADT session 0x50 length 28
 dst 4c:6d:58:4c:37:d8  src 02:13:66:54:7c:eb
 [host-uniq 65 06 00 00] [AC-cookie 0b ec 9b 8f ec b3 0e 61 9a af 56 13 72 46 74 51]
Sent PADT
