Send PPPOE Discovery V1T1 PADI session 0x0 length 12
 dst ff:ff:ff:ff:ff:ff  src 02:72:bc:28:6c:71
 [service-name] [host-uniq a2 05 00 00]
Recv PPPOE Discovery V1T1 PADO session 0x0 length 46
 dst 02:72:bc:28:6c:71  src 4c:6d:58:4c:37:d8
 [AC-name CDU-BRAS-1] [host-uniq a2 05 00 00] [service-name] [AC-cookie 9e 7f 48 03 4e 78 65 ed eb 96 bd 67 4d 7e e6 49]
Send PPPOE Discovery V1T1 PADR session 0x0 length 32
 dst 4c:6d:58:4c:37:d8  src 02:72:bc:28:6c:71
 [service-name] [host-uniq a2 05 00 00] [AC-cookie 9e 7f 48 03 4e 78 65 ed eb 96 bd 67 4d 7e e6 49]
Recv PPPOE Discovery V1T1 PADS session 0x50 length 46
 dst 02:72:bc:28:6c:71  src 4c:6d:58:4c:37:d8
 [service-name] [host-uniq a2 05 00 00] [AC-name CDU-BRAS-1] [AC-cookie 9e 7f 48 03 4e 78 65 ed eb 96 bd 67 4d 7e e6 49]
PPP session is 80
Connected to 4C:6D:58:4C:37:D8 via interface enp7s0.2011
using channel 154
Using interface ppp0
Connect: ppp0 <--> enp7s0.2011
sent [LCP ConfReq id=0x1 <mru 1492> <magic 0x32761783>]
rcvd [LCP ConfReq id=0xe9 <mru 1492> <auth pap> <magic 0x2f3c6567>]
sent [LCP ConfAck id=0xe9 <mru 1492> <auth pap> <magic 0x2f3c6567>]
rcvd [LCP ConfAck id=0x1 <mru 1492> <magic 0x32761783>]
sent [LCP EchoReq id=0x0 magic=0x32761783]
sent [PAP AuthReq id=0x1 user="18608001027@cdu" password=<hidden>]
rcvd [LCP EchoRep id=0x0 magic=0x2f3c6567]
Terminating on signal 15
sent [LCP TermReq id=0x2 "User request"]
rcvd [LCP TermAck id=0x2]
Connection terminated.
Send PPPOE Discovery V1T1 PADT session 0x50 length 28
 dst 4c:6d:58:4c:37:d8  src 02:72:bc:28:6c:71
 [host-uniq a2 05 00 00] [AC-cookie 9e 7f 48 03 4e 78 65 ed eb 96 bd 67 4d 7e e6 49]
Sent PADT
