Send PPPOE Discovery V1T1 PADI session 0x0 length 12
 dst ff:ff:ff:ff:ff:ff  src 02:07:0d:cc:2d:49
 [service-name] [host-uniq c4 05 00 00]
Recv PPPOE Discovery V1T1 PADO session 0x0 length 46
 dst 02:07:0d:cc:2d:49  src 4c:6d:58:4c:37:d8
 [AC-name CDU-BRAS-1] [host-uniq c4 05 00 00] [service-name] [AC-cookie af 9c fe 50 07 8b ef ba 03 b7 b5 ca 59 d9 c0 c5]
Send PPPOE Discovery V1T1 PADR session 0x0 length 32
 dst 4c:6d:58:4c:37:d8  src 02:07:0d:cc:2d:49
 [service-name] [host-uniq c4 05 00 00] [AC-cookie af 9c fe 50 07 8b ef ba 03 b7 b5 ca 59 d9 c0 c5]
Recv PPPOE Discovery V1T1 PADS session 0x6d length 46
 dst 02:07:0d:cc:2d:49  src 4c:6d:58:4c:37:d8
 [service-name] [host-uniq c4 05 00 00] [AC-name CDU-BRAS-1] [AC-cookie af 9c fe 50 07 8b ef ba 03 b7 b5 ca 59 d9 c0 c5]
PPP session is 109
Connected to 4C:6D:58:4C:37:D8 via interface enp7s0.2013
using channel 156
Using interface ppp0
Connect: ppp0 <--> enp7s0.2013
sent [LCP ConfReq id=0x1 <mru 1492> <magic 0x90953b8>]
rcvd [LCP ConfReq id=0x13 <mru 1492> <auth pap> <magic 0x33f7d854>]
sent [LCP ConfAck id=0x13 <mru 1492> <auth pap> <magic 0x33f7d854>]
rcvd [LCP ConfAck id=0x1 <mru 1492> <magic 0x90953b8>]
sent [LCP EchoReq id=0x0 magic=0x90953b8]
sent [PAP AuthReq id=0x1 user="18608001027@cdu" password=<hidden>]
rcvd [LCP EchoRep id=0x0 magic=0x33f7d854]
Terminating on signal 15
sent [LCP TermReq id=0x2 "User request"]
rcvd [LCP TermAck id=0x2]
Connection terminated.
Send PPPOE Discovery V1T1 PADT session 0x6d length 28
 dst 4c:6d:58:4c:37:d8  src 02:07:0d:cc:2d:49
 [host-uniq c4 05 00 00] [AC-cookie af 9c fe 50 07 8b ef ba 03 b7 b5 ca 59 d9 c0 c5]
Sent PADT
