Send PPPOE Discovery V1T1 PADI session 0x0 length 12
 dst ff:ff:ff:ff:ff:ff  src 02:51:4f:b2:4e:d9
 [service-name] [host-uniq 06 0c 00 00]
Recv PPPOE Discovery V1T1 PADO session 0x0 length 46
 dst 02:51:4f:b2:4e:d9  src 4c:6d:58:4c:37:d8
 [AC-name CDU-BRAS-1] [host-uniq 06 0c 00 00] [service-name] [AC-cookie a6 cb 2b b5 be 5f 9b b2 6f 94 aa 28 d5 f7 21 9f]
Send PPPOE Discovery V1T1 PADR session 0x0 length 32
 dst 4c:6d:58:4c:37:d8  src 02:51:4f:b2:4e:d9
 [service-name] [host-uniq 06 0c 00 00] [AC-cookie a6 cb 2b b5 be 5f 9b b2 6f 94 aa 28 d5 f7 21 9f]
Recv PPPOE Discovery V1T1 PADS session 0x146 length 46
 dst 02:51:4f:b2:4e:d9  src 4c:6d:58:4c:37:d8
 [service-name] [host-uniq 06 0c 00 00] [AC-name CDU-BRAS-1] [AC-cookie a6 cb 2b b5 be 5f 9b b2 6f 94 aa 28 d5 f7 21 9f]
PPP session is 326
Connected to 4C:6D:58:4C:37:D8 via interface enp7s0.2034
using channel 212
Using interface ppp37
Connect: ppp37 <--> enp7s0.2034
sent [LCP ConfReq id=0x1 <mru 1492> <magic 0xd7d90f5e>]
rcvd [LCP ConfReq id=0x4c <mru 1492> <auth pap> <magic 0x7aca14ae>]
sent [LCP ConfAck id=0x4c <mru 1492> <auth pap> <magic 0x7aca14ae>]
rcvd [LCP ConfAck id=0x1 <mru 1492> <magic 0xd7d90f5e>]
sent [LCP EchoReq id=0x0 magic=0xd7d90f5e]
sent [PAP AuthReq id=0x1 user="18608001027@cdu" password=<hidden>]
rcvd [LCP EchoRep id=0x0 magic=0x7aca14ae]
sent [PAP AuthReq id=0x2 user="18608001027@cdu" password=<hidden>]
sent [PAP AuthReq id=0x3 user="18608001027@cdu" password=<hidden>]
sent [PAP AuthReq id=0x4 user="18608001027@cdu" password=<hidden>]
sent [PAP AuthReq id=0x5 user="18608001027@cdu" password=<hidden>]
rcvd [PAP AuthNak id=0x5 ""]
PAP authentication failed
sent [LCP TermReq id=0x2 "Failed to authenticate ourselves to peer"]
rcvd [LCP TermReq id=0x4d]
sent [LCP TermAck id=0x4d]
Modem hangup
Connection terminated.
Send PPPOE Discovery V1T1 PADT session 0x146 length 28
 dst 4c:6d:58:4c:37:d8  src 02:51:4f:b2:4e:d9
 [host-uniq 06 0c 00 00] [AC-cookie a6 cb 2b b5 be 5f 9b b2 6f 94 aa 28 d5 f7 21 9f]
Sent PADT
