Send PPPOE Discovery V1T1 PADI session 0x0 length 12
 dst ff:ff:ff:ff:ff:ff  src 02:4b:89:58:db:69
 [service-name] [host-uniq 03 05 00 00]
Recv PPPOE Discovery V1T1 PADO session 0x0 length 46
 dst 02:4b:89:58:db:69  src 4c:6d:58:4c:37:d8
 [AC-name CDU-BRAS-1] [host-uniq 03 05 00 00] [service-name] [AC-cookie 21 e0 1f ff 42 6b c3 91 3c 51 c3 31 81 42 65 d5]
Send PPPOE Discovery V1T1 PADR session 0x0 length 32
 dst 4c:6d:58:4c:37:d8  src 02:4b:89:58:db:69
 [service-name] [host-uniq 03 05 00 00] [AC-cookie 21 e0 1f ff 42 6b c3 91 3c 51 c3 31 81 42 65 d5]
Recv PPPOE Discovery V1T1 PADS session 0x50 length 46
 dst 02:4b:89:58:db:69  src 4c:6d:58:4c:37:d8
 [service-name] [host-uniq 03 05 00 00] [AC-name CDU-BRAS-1] [AC-cookie 21 e0 1f ff 42 6b c3 91 3c 51 c3 31 81 42 65 d5]
PPP session is 80
Connected to 4C:6D:58:4C:37:D8 via interface enp7s0.2001
using channel 145
Using interface ppp0
Connect: ppp0 <--> enp7s0.2001
sent [LCP ConfReq id=0x1 <mru 1492> <magic 0xe2107181>]
rcvd [LCP ConfAck id=0x1 <mru 1492> <magic 0xe2107181>]
Terminating on signal 15
sent [LCP TermReq id=0x2 "User request"]
rcvd [LCP TermAck id=0x2]
Connection terminated.
Send PPPOE Discovery V1T1 PADT session 0x50 length 28
 dst 4c:6d:58:4c:37:d8  src 02:4b:89:58:db:69
 [host-uniq 03 05 00 00] [AC-cookie 21 e0 1f ff 42 6b c3 91 3c 51 c3 31 81 42 65 d5]
Sent PADT
