Send PPPOE Discovery V1T1 PADI session 0x0 length 12
 dst ff:ff:ff:ff:ff:ff  src 02:38:13:93:57:00
 [service-name] [host-uniq 65 01 00 00]
Send PPPOE Discovery V1T1 PADI session 0x0 length 12
 dst ff:ff:ff:ff:ff:ff  src 02:38:13:93:57:00
 [service-name] [host-uniq 65 01 00 00]
Recv PPPOE Discovery V1T1 PADO session 0x0 length 46
 dst 02:38:13:93:57:00  src 4c:6d:58:4c:37:d8
 [AC-name CDU-BRAS-1] [host-uniq 65 01 00 00] [service-name] [AC-cookie 64 58 a2 48 1b a8 ca 8a 86 84 e3 2b 50 e4 01 7c]
Send PPPOE Discovery V1T1 PADR session 0x0 length 32
 dst 4c:6d:58:4c:37:d8  src 02:38:13:93:57:00
 [service-name] [host-uniq 65 01 00 00] [AC-cookie 64 58 a2 48 1b a8 ca 8a 86 84 e3 2b 50 e4 01 7c]
Recv PPPOE Discovery V1T1 PADS session 0xb4 length 46
 dst 02:38:13:93:57:00  src 4c:6d:58:4c:37:d8
 [service-name] [host-uniq 65 01 00 00] [AC-name CDU-BRAS-1] [AC-cookie 64 58 a2 48 1b a8 ca 8a 86 84 e3 2b 50 e4 01 7c]
PPP session is 180
Connected to 4C:6D:58:4C:37:D8 via interface enp3s0
using channel 87
Using interface ppp0
Connect: ppp0 <--> enp3s0
sent [LCP ConfReq id=0x1 <mru 1492> <magic 0xb9bd6c6>]
rcvd [LCP ConfReq id=0xd9 <mru 1492> <auth pap> <magic 0x20140788>]
sent [LCP ConfAck id=0xd9 <mru 1492> <auth pap> <magic 0x20140788>]
rcvd [LCP ConfAck id=0x1 <mru 1492> <magic 0xb9bd6c6>]
sent [LCP EchoReq id=0x0 magic=0xb9bd6c6]
sent [PAP AuthReq id=0x1 user="scxy13908063548@cmccgx" password=<hidden>]
rcvd [LCP EchoRep id=0x0 magic=0x20140788]
rcvd [PAP AuthNak id=0x1 "109026012|109020105|The subscriber is deregistered or the password is incorrect"]
Remote message: 109026012|109020105|The subscriber is deregistered or the password is incorrect
PAP authentication failed
sent [LCP TermReq id=0x2 "Failed to authenticate ourselves to peer"]
rcvd [LCP TermReq id=0xda]
sent [LCP TermAck id=0xda]
Modem hangup
Connection terminated.
Send PPPOE Discovery V1T1 PADT session 0xb4 length 28
 dst 4c:6d:58:4c:37:d8  src 02:38:13:93:57:00
 [host-uniq 65 01 00 00] [AC-cookie 64 58 a2 48 1b a8 ca 8a 86 84 e3 2b 50 e4 01 7c]
Sent PADT
