Send PPPOE Discovery V1T1 PADI session 0x0 length 12
 dst ff:ff:ff:ff:ff:ff  src 02:04:4f:1f:1a:6d
 [service-name] [host-uniq 81 05 00 00]
Recv PPPOE Discovery V1T1 PADO session 0x0 length 46
 dst 02:04:4f:1f:1a:6d  src 4c:6d:58:4c:37:d8
 [AC-name CDU-BRAS-1] [host-uniq 81 05 00 00] [service-name] [AC-cookie da c6 2b aa e1 8f 58 2d c0 27 c2 fe ae f1 aa 4c]
Send PPPOE Discovery V1T1 PADR session 0x0 length 32
 dst 4c:6d:58:4c:37:d8  src 02:04:4f:1f:1a:6d
 [service-name] [host-uniq 81 05 00 00] [AC-cookie da c6 2b aa e1 8f 58 2d c0 27 c2 fe ae f1 aa 4c]
Recv PPPOE Discovery V1T1 PADS session 0x51 length 46
 dst 02:04:4f:1f:1a:6d  src 4c:6d:58:4c:37:d8
 [service-name] [host-uniq 81 05 00 00] [AC-name CDU-BRAS-1] [AC-cookie da c6 2b aa e1 8f 58 2d c0 27 c2 fe ae f1 aa 4c]
PPP session is 81
Connected to 4C:6D:58:4C:37:D8 via interface enp7s0.2009
using channel 153
Using interface ppp0
Connect: ppp0 <--> enp7s0.2009
sent [LCP ConfReq id=0x1 <mru 1492> <magic 0x66389c8c>]
rcvd [LCP ConfReq id=0x5c <mru 1492> <auth pap> <magic 0x7c54afa7>]
sent [LCP ConfAck id=0x5c <mru 1492> <auth pap> <magic 0x7c54afa7>]
rcvd [LCP ConfAck id=0x1 <mru 1492> <magic 0x66389c8c>]
sent [LCP EchoReq id=0x0 magic=0x66389c8c]
sent [PAP AuthReq id=0x1 user="18608001027@cdu" password=<hidden>]
rcvd [LCP EchoRep id=0x0 magic=0x7c54afa7]
Terminating on signal 15
sent [LCP TermReq id=0x2 "User request"]
rcvd [LCP TermAck id=0x2]
Connection terminated.
Send PPPOE Discovery V1T1 PADT session 0x51 length 28
 dst 4c:6d:58:4c:37:d8  src 02:04:4f:1f:1a:6d
 [host-uniq 81 05 00 00] [AC-cookie da c6 2b aa e1 8f 58 2d c0 27 c2 fe ae f1 aa 4c]
Sent PADT
